<?xml version="1.0" encoding="UTF-8"?>
<coverage generated="1765460371956" clover="3.2.0">
  <project timestamp="1765460371956" name="All files">
    <metrics statements="398" coveredstatements="350" conditionals="181" coveredconditionals="127" methods="74" coveredmethods="68" elements="653" coveredelements="545" complexity="0" loc="398" ncloc="398" packages="5" files="13" classes="13"/>
    <package name="components">
      <metrics statements="18" coveredstatements="16" conditionals="12" coveredconditionals="11" methods="4" coveredmethods="4"/>
      <file name="PokemonCard.vue" path="/home/hecko/projects/Sandbox/Pokedex/pokedex-vue/src/components/PokemonCard.vue">
        <metrics statements="18" coveredstatements="16" conditionals="12" coveredconditionals="11" methods="4" coveredmethods="4"/>
        <line num="9" count="21" type="stmt"/>
        <line num="15" count="21" type="stmt"/>
        <line num="16" count="21" type="cond" truecount="4" falsecount="0"/>
        <line num="17" count="1" type="stmt"/>
        <line num="19" count="20" type="stmt"/>
        <line num="22" count="21" type="stmt"/>
        <line num="27" count="21" type="stmt"/>
        <line num="28" count="21" type="stmt"/>
        <line num="30" count="21" type="stmt"/>
        <line num="31" count="1" type="stmt"/>
        <line num="33" count="1" type="cond" truecount="1" falsecount="1"/>
        <line num="34" count="0" type="stmt"/>
        <line num="35" count="0" type="stmt"/>
        <line num="38" count="1" type="stmt"/>
        <line num="44" count="2" type="cond" truecount="2" falsecount="0"/>
        <line num="75" count="1" type="stmt"/>
        <line num="78" count="1" type="stmt"/>
        <line num="82" count="21" type="stmt"/>
      </file>
    </package>
    <package name="composables">
      <metrics statements="336" coveredstatements="295" conditionals="138" coveredconditionals="90" methods="61" coveredmethods="55"/>
      <file name="useAuth.ts" path="/home/hecko/projects/Sandbox/Pokedex/pokedex-vue/src/composables/useAuth.ts">
        <metrics statements="63" coveredstatements="60" conditionals="20" coveredconditionals="16" methods="8" coveredmethods="8"/>
        <line num="19" count="15" type="stmt"/>
        <line num="20" count="15" type="stmt"/>
        <line num="25" count="14" type="stmt"/>
        <line num="27" count="14" type="stmt"/>
        <line num="32" count="10" type="stmt"/>
        <line num="34" count="10" type="stmt"/>
        <line num="35" count="10" type="cond" truecount="2" falsecount="0"/>
        <line num="36" count="1" type="stmt"/>
        <line num="39" count="9" type="stmt"/>
        <line num="40" count="9" type="cond" truecount="2" falsecount="0"/>
        <line num="41" count="1" type="stmt"/>
        <line num="44" count="8" type="stmt"/>
        <line num="45" count="8" type="cond" truecount="2" falsecount="0"/>
        <line num="46" count="1" type="stmt"/>
        <line num="50" count="7" type="stmt"/>
        <line num="51" count="7" type="cond" truecount="2" falsecount="0"/>
        <line num="52" count="1" type="stmt"/>
        <line num="59" count="6" type="stmt"/>
        <line num="60" count="6" type="stmt"/>
        <line num="63" count="6" type="stmt"/>
        <line num="72" count="6" type="stmt"/>
        <line num="73" count="6" type="stmt"/>
        <line num="74" count="6" type="stmt"/>
        <line num="77" count="6" type="stmt"/>
        <line num="78" count="6" type="stmt"/>
        <line num="79" count="6" type="stmt"/>
        <line num="80" count="6" type="stmt"/>
        <line num="81" count="6" type="stmt"/>
        <line num="83" count="6" type="stmt"/>
        <line num="85" count="0" type="stmt"/>
        <line num="92" count="14" type="stmt"/>
        <line num="93" count="4" type="stmt"/>
        <line num="95" count="4" type="stmt"/>
        <line num="96" count="4" type="cond" truecount="2" falsecount="0"/>
        <line num="97" count="1" type="stmt"/>
        <line num="101" count="3" type="stmt"/>
        <line num="102" count="3" type="stmt"/>
        <line num="103" count="2" type="stmt"/>
        <line num="106" count="3" type="cond" truecount="2" falsecount="0"/>
        <line num="107" count="1" type="stmt"/>
        <line num="114" count="2" type="stmt"/>
        <line num="115" count="2" type="cond" truecount="2" falsecount="0"/>
        <line num="116" count="1" type="stmt"/>
        <line num="123" count="1" type="stmt"/>
        <line num="124" count="1" type="stmt"/>
        <line num="125" count="1" type="stmt"/>
        <line num="126" count="1" type="stmt"/>
        <line num="127" count="1" type="stmt"/>
        <line num="128" count="1" type="stmt"/>
        <line num="130" count="1" type="stmt"/>
        <line num="132" count="0" type="stmt"/>
        <line num="139" count="14" type="stmt"/>
        <line num="140" count="2" type="stmt"/>
        <line num="141" count="2" type="stmt"/>
        <line num="142" count="2" type="stmt"/>
        <line num="143" count="2" type="stmt"/>
        <line num="146" count="14" type="stmt"/>
        <line num="147" count="2" type="stmt"/>
        <line num="148" count="2" type="cond" truecount="2" falsecount="0"/>
        <line num="149" count="1" type="stmt"/>
        <line num="151" count="1" type="stmt"/>
        <line num="156" count="0" type="stmt"/>
        <line num="163" count="14" type="stmt"/>
      </file>
      <file name="useFavorites.ts" path="/home/hecko/projects/Sandbox/Pokedex/pokedex-vue/src/composables/useFavorites.ts">
        <metrics statements="80" coveredstatements="66" conditionals="28" coveredconditionals="14" methods="14" coveredmethods="11"/>
        <line num="11" count="27" type="stmt"/>
        <line num="12" count="27" type="stmt"/>
        <line num="13" count="27" type="stmt"/>
        <line num="22" count="27" type="stmt"/>
        <line num="23" count="29" type="stmt"/>
        <line num="24" count="29" type="cond" truecount="2" falsecount="0"/>
        <line num="25" count="28" type="stmt"/>
        <line num="26" count="28" type="cond" truecount="1" falsecount="1"/>
        <line num="27" count="28" type="stmt"/>
        <line num="28" count="28" type="stmt"/>
        <line num="29" count="28" type="stmt"/>
        <line num="31" count="0" type="stmt"/>
        <line num="34" count="1" type="stmt"/>
        <line num="39" count="27" type="stmt"/>
        <line num="40" count="24" type="stmt"/>
        <line num="41" count="24" type="cond" truecount="1" falsecount="1"/>
        <line num="42" count="24" type="stmt"/>
        <line num="43" count="24" type="cond" truecount="1" falsecount="1"/>
        <line num="44" count="24" type="stmt"/>
        <line num="45" count="24" type="stmt"/>
        <line num="46" count="24" type="cond" truecount="1" falsecount="1"/>
        <line num="47" count="0" type="stmt"/>
        <line num="54" count="27" type="stmt"/>
        <line num="58" count="24" type="stmt"/>
        <line num="59" count="0" type="stmt"/>
        <line num="60" count="0" type="cond" truecount="0" falsecount="2"/>
        <line num="62" count="0" type="stmt"/>
        <line num="63" count="0" type="cond" truecount="0" falsecount="2"/>
        <line num="65" count="0" type="stmt"/>
        <line num="66" count="0" type="stmt"/>
        <line num="68" count="0" type="cond" truecount="0" falsecount="4"/>
        <line num="69" count="0" type="stmt"/>
        <line num="73" count="24" type="stmt"/>
        <line num="74" count="0" type="stmt"/>
        <line num="77" count="24" type="stmt"/>
        <line num="78" count="0" type="stmt"/>
        <line num="80" count="24" type="stmt"/>
        <line num="81" count="2" type="stmt"/>
        <line num="82" count="2" type="stmt"/>
        <line num="83" count="2" type="stmt"/>
        <line num="84" count="2" type="stmt"/>
        <line num="85" count="2" type="stmt"/>
        <line num="87" count="0" type="stmt"/>
        <line num="88" count="0" type="stmt"/>
        <line num="90" count="2" type="stmt"/>
        <line num="94" count="24" type="stmt"/>
        <line num="95" count="22" type="stmt"/>
        <line num="96" count="22" type="stmt"/>
        <line num="97" count="22" type="stmt"/>
        <line num="98" count="22" type="stmt"/>
        <line num="99" count="22" type="cond" truecount="2" falsecount="0"/>
        <line num="100" count="2" type="stmt"/>
        <line num="103" count="20" type="stmt"/>
        <line num="104" count="20" type="stmt"/>
        <line num="111" count="20" type="stmt"/>
        <line num="112" count="20" type="stmt"/>
        <line num="113" count="20" type="stmt"/>
        <line num="115" count="2" type="cond" truecount="1" falsecount="1"/>
        <line num="116" count="2" type="stmt"/>
        <line num="118" count="22" type="stmt"/>
        <line num="122" count="24" type="stmt"/>
        <line num="123" count="7" type="stmt"/>
        <line num="124" count="7" type="stmt"/>
        <line num="125" count="7" type="stmt"/>
        <line num="126" count="7" type="stmt"/>
        <line num="127" count="7" type="cond" truecount="2" falsecount="0"/>
        <line num="128" count="3" type="stmt"/>
        <line num="131" count="4" type="stmt"/>
        <line num="132" count="4" type="stmt"/>
        <line num="133" count="4" type="stmt"/>
        <line num="135" count="3" type="cond" truecount="1" falsecount="1"/>
        <line num="136" count="3" type="stmt"/>
        <line num="138" count="7" type="stmt"/>
        <line num="142" count="24" type="stmt"/>
        <line num="143" count="21" type="stmt"/>
        <line num="146" count="24" type="stmt"/>
        <line num="147" count="6" type="cond" truecount="2" falsecount="0"/>
        <line num="148" count="2" type="stmt"/>
        <line num="150" count="4" type="stmt"/>
        <line num="154" count="24" type="stmt"/>
      </file>
      <file name="usePokemon.ts" path="/home/hecko/projects/Sandbox/Pokedex/pokedex-vue/src/composables/usePokemon.ts">
        <metrics statements="29" coveredstatements="29" conditionals="6" coveredconditionals="6" methods="13" coveredmethods="13"/>
        <line num="8" count="19" type="stmt"/>
        <line num="9" count="19" type="stmt"/>
        <line num="10" count="19" type="stmt"/>
        <line num="11" count="19" type="stmt"/>
        <line num="12" count="19" type="stmt"/>
        <line num="15" count="19" type="stmt"/>
        <line num="16" count="11" type="stmt"/>
        <line num="17" count="11286" type="stmt"/>
        <line num="22" count="11286" type="cond" truecount="2" falsecount="0"/>
        <line num="23" count="3042" type="stmt"/>
        <line num="25" count="11286" type="cond" truecount="2" falsecount="0"/>
        <line num="30" count="19" type="stmt"/>
        <line num="31" count="3" type="stmt"/>
        <line num="33" count="3" type="stmt"/>
        <line num="34" count="2053" type="stmt"/>
        <line num="35" count="2053" type="cond" truecount="2" falsecount="0"/>
        <line num="36" count="19" type="stmt"/>
        <line num="38" count="2053" type="stmt"/>
        <line num="41" count="3" type="stmt"/>
        <line num="42" count="16" type="stmt"/>
        <line num="43" count="19" type="stmt"/>
        <line num="47" count="19" type="stmt"/>
        <line num="48" count="2" type="stmt"/>
        <line num="49" count="2" type="stmt"/>
        <line num="50" count="3100" type="stmt"/>
        <line num="52" count="2" type="stmt"/>
        <line num="55" count="19" type="stmt"/>
        <line num="56" count="1028" type="stmt"/>
        <line num="59" count="19" type="stmt"/>
      </file>
      <file name="useTeams.ts" path="/home/hecko/projects/Sandbox/Pokedex/pokedex-vue/src/composables/useTeams.ts">
        <metrics statements="132" coveredstatements="109" conditionals="60" coveredconditionals="34" methods="21" coveredmethods="18"/>
        <line num="6" count="38" type="stmt"/>
        <line num="7" count="38" type="stmt"/>
        <line num="34" count="38" type="stmt"/>
        <line num="35" count="38" type="stmt"/>
        <line num="36" count="38" type="stmt"/>
        <line num="37" count="38" type="stmt"/>
        <line num="40" count="38" type="stmt"/>
        <line num="41" count="40" type="stmt"/>
        <line num="42" count="40" type="cond" truecount="2" falsecount="0"/>
        <line num="43" count="39" type="stmt"/>
        <line num="44" count="39" type="cond" truecount="1" falsecount="1"/>
        <line num="45" count="39" type="stmt"/>
        <line num="46" count="39" type="stmt"/>
        <line num="47" count="39" type="stmt"/>
        <line num="49" count="0" type="stmt"/>
        <line num="52" count="1" type="stmt"/>
        <line num="57" count="38" type="stmt"/>
        <line num="58" count="65" type="stmt"/>
        <line num="59" count="65" type="cond" truecount="1" falsecount="1"/>
        <line num="60" count="65" type="stmt"/>
        <line num="61" count="65" type="cond" truecount="1" falsecount="1"/>
        <line num="62" count="65" type="stmt"/>
        <line num="63" count="65" type="stmt"/>
        <line num="64" count="65" type="cond" truecount="1" falsecount="1"/>
        <line num="65" count="0" type="stmt"/>
        <line num="72" count="38" type="stmt"/>
        <line num="76" count="35" type="stmt"/>
        <line num="77" count="0" type="stmt"/>
        <line num="78" count="0" type="cond" truecount="0" falsecount="2"/>
        <line num="80" count="0" type="stmt"/>
        <line num="81" count="0" type="cond" truecount="0" falsecount="2"/>
        <line num="83" count="0" type="stmt"/>
        <line num="84" count="0" type="stmt"/>
        <line num="86" count="0" type="cond" truecount="0" falsecount="4"/>
        <line num="87" count="0" type="stmt"/>
        <line num="91" count="35" type="stmt"/>
        <line num="92" count="0" type="stmt"/>
        <line num="95" count="35" type="stmt"/>
        <line num="96" count="0" type="stmt"/>
        <line num="99" count="35" type="stmt"/>
        <line num="100" count="2" type="stmt"/>
        <line num="101" count="2" type="stmt"/>
        <line num="102" count="2" type="stmt"/>
        <line num="103" count="2" type="stmt"/>
        <line num="104" count="2" type="stmt"/>
        <line num="106" count="0" type="stmt"/>
        <line num="107" count="0" type="stmt"/>
        <line num="109" count="2" type="stmt"/>
        <line num="113" count="35" type="stmt"/>
        <line num="114" count="8" type="stmt"/>
        <line num="115" count="8" type="stmt"/>
        <line num="116" count="8" type="stmt"/>
        <line num="117" count="8" type="stmt"/>
        <line num="118" count="8" type="cond" truecount="2" falsecount="0"/>
        <line num="119" count="2" type="stmt"/>
        <line num="121" count="6" type="stmt"/>
        <line num="122" count="6" type="stmt"/>
        <line num="124" count="2" type="cond" truecount="1" falsecount="1"/>
        <line num="125" count="2" type="stmt"/>
        <line num="127" count="8" type="stmt"/>
        <line num="131" count="35" type="stmt"/>
        <line num="132" count="35" type="stmt"/>
        <line num="133" count="35" type="stmt"/>
        <line num="134" count="35" type="stmt"/>
        <line num="135" count="35" type="stmt"/>
        <line num="136" count="35" type="cond" truecount="2" falsecount="0"/>
        <line num="137" count="2" type="stmt"/>
        <line num="140" count="33" type="stmt"/>
        <line num="141" count="33" type="cond" truecount="1" falsecount="1"/>
        <line num="142" count="0" type="stmt"/>
        <line num="145" count="33" type="stmt"/>
        <line num="146" count="33" type="stmt"/>
        <line num="155" count="33" type="stmt"/>
        <line num="156" count="33" type="stmt"/>
        <line num="157" count="33" type="stmt"/>
        <line num="159" count="2" type="cond" truecount="1" falsecount="1"/>
        <line num="160" count="2" type="stmt"/>
        <line num="162" count="35" type="stmt"/>
        <line num="166" count="35" type="stmt"/>
        <line num="167" count="3" type="stmt"/>
        <line num="168" count="3" type="stmt"/>
        <line num="169" count="3" type="stmt"/>
        <line num="170" count="3" type="stmt"/>
        <line num="171" count="3" type="cond" truecount="2" falsecount="0"/>
        <line num="172" count="1" type="stmt"/>
        <line num="174" count="3" type="stmt"/>
        <line num="175" count="3" type="stmt"/>
        <line num="177" count="0" type="cond" truecount="0" falsecount="2"/>
        <line num="178" count="0" type="stmt"/>
        <line num="180" count="3" type="stmt"/>
        <line num="184" count="35" type="stmt"/>
        <line num="191" count="26" type="stmt"/>
        <line num="192" count="26" type="stmt"/>
        <line num="193" count="26" type="stmt"/>
        <line num="194" count="26" type="stmt"/>
        <line num="205" count="26" type="cond" truecount="2" falsecount="0"/>
        <line num="206" count="2" type="cond" truecount="1" falsecount="1"/>
        <line num="207" count="0" type="stmt"/>
        <line num="209" count="2" type="stmt"/>
        <line num="213" count="26" type="stmt"/>
        <line num="214" count="26" type="cond" truecount="1" falsecount="1"/>
        <line num="215" count="26" type="cond" truecount="1" falsecount="1"/>
        <line num="216" count="0" type="stmt"/>
        <line num="218" count="26" type="stmt"/>
        <line num="221" count="26" type="stmt"/>
        <line num="222" count="26" type="stmt"/>
        <line num="224" count="0" type="cond" truecount="0" falsecount="2"/>
        <line num="225" count="0" type="stmt"/>
        <line num="227" count="26" type="stmt"/>
        <line num="231" count="35" type="stmt"/>
        <line num="232" count="3" type="stmt"/>
        <line num="233" count="3" type="stmt"/>
        <line num="234" count="3" type="stmt"/>
        <line num="236" count="3" type="cond" truecount="4" falsecount="0"/>
        <line num="237" count="1" type="stmt"/>
        <line num="238" count="2" type="stmt"/>
        <line num="243" count="3" type="stmt"/>
        <line num="244" count="3" type="cond" truecount="3" falsecount="1"/>
        <line num="245" count="3" type="stmt"/>
        <line num="247" count="4" type="stmt"/>
        <line num="250" count="3" type="stmt"/>
        <line num="251" count="3" type="stmt"/>
        <line num="253" count="0" type="cond" truecount="0" falsecount="2"/>
        <line num="254" count="0" type="stmt"/>
        <line num="256" count="3" type="stmt"/>
        <line num="260" count="35" type="stmt"/>
        <line num="261" count="3" type="stmt"/>
        <line num="262" count="3" type="cond" truecount="3" falsecount="1"/>
        <line num="263" count="3" type="stmt"/>
        <line num="266" count="35" type="stmt"/>
        <line num="267" count="3" type="stmt"/>
        <line num="270" count="35" type="stmt"/>
      </file>
      <file name="useTranslation.ts" path="/home/hecko/projects/Sandbox/Pokedex/pokedex-vue/src/composables/useTranslation.ts">
        <metrics statements="32" coveredstatements="31" conditionals="24" coveredconditionals="20" methods="5" coveredmethods="5"/>
        <line num="32" count="28" type="stmt"/>
        <line num="39" count="28" type="stmt"/>
        <line num="47" count="28" type="stmt"/>
        <line num="48" count="10" type="stmt"/>
        <line num="49" count="10" type="stmt"/>
        <line num="51" count="10" type="stmt"/>
        <line num="52" count="18" type="cond" truecount="5" falsecount="0"/>
        <line num="53" count="16" type="stmt"/>
        <line num="55" count="2" type="cond" truecount="1" falsecount="1"/>
        <line num="56" count="0" type="stmt"/>
        <line num="58" count="2" type="stmt"/>
        <line num="62" count="8" type="cond" truecount="1" falsecount="1"/>
        <line num="69" count="28" type="stmt"/>
        <line num="70" count="19" type="cond" truecount="2" falsecount="0"/>
        <line num="71" count="18" type="stmt"/>
        <line num="73" count="18" type="cond" truecount="1" falsecount="1"/>
        <line num="74" count="18" type="stmt"/>
        <line num="77" count="1" type="stmt"/>
        <line num="84" count="28" type="stmt"/>
        <line num="90" count="28" type="stmt"/>
        <line num="91" count="5" type="stmt"/>
        <line num="92" count="5" type="stmt"/>
        <line num="94" count="5" type="stmt"/>
        <line num="95" count="8" type="cond" truecount="5" falsecount="0"/>
        <line num="96" count="7" type="stmt"/>
        <line num="98" count="1" type="stmt"/>
        <line num="102" count="4" type="stmt"/>
        <line num="105" count="28" type="stmt"/>
        <line num="115" count="28" type="cond" truecount="1" falsecount="1"/>
        <line num="116" count="28" type="stmt"/>
        <line num="117" count="28" type="cond" truecount="4" falsecount="0"/>
        <line num="118" count="2" type="stmt"/>
      </file>
    </package>
    <package name="data">
      <metrics statements="0" coveredstatements="0" conditionals="0" coveredconditionals="0" methods="0" coveredmethods="0"/>
      <file name="pokedex.json" path="/home/hecko/projects/Sandbox/Pokedex/pokedex-vue/src/data/pokedex.json">
        <metrics statements="0" coveredstatements="0" conditionals="0" coveredconditionals="0" methods="0" coveredmethods="0"/>
      </file>
    </package>
    <package name="locales">
      <metrics statements="0" coveredstatements="0" conditionals="0" coveredconditionals="0" methods="0" coveredmethods="0"/>
      <file name="en.json" path="/home/hecko/projects/Sandbox/Pokedex/pokedex-vue/src/locales/en.json">
        <metrics statements="0" coveredstatements="0" conditionals="0" coveredconditionals="0" methods="0" coveredmethods="0"/>
      </file>
      <file name="fr.json" path="/home/hecko/projects/Sandbox/Pokedex/pokedex-vue/src/locales/fr.json">
        <metrics statements="0" coveredstatements="0" conditionals="0" coveredconditionals="0" methods="0" coveredmethods="0"/>
      </file>
      <file name="jp.json" path="/home/hecko/projects/Sandbox/Pokedex/pokedex-vue/src/locales/jp.json">
        <metrics statements="0" coveredstatements="0" conditionals="0" coveredconditionals="0" methods="0" coveredmethods="0"/>
      </file>
    </package>
    <package name="utils">
      <metrics statements="44" coveredstatements="39" conditionals="31" coveredconditionals="26" methods="9" coveredmethods="9"/>
      <file name="security.ts" path="/home/hecko/projects/Sandbox/Pokedex/pokedex-vue/src/utils/security.ts">
        <metrics statements="7" coveredstatements="7" conditionals="0" coveredconditionals="0" methods="4" coveredmethods="4"/>
        <line num="9" count="5" type="stmt"/>
        <line num="10" count="5" type="stmt"/>
        <line num="11" count="5" type="stmt"/>
        <line num="12" count="5" type="stmt"/>
        <line num="13" count="160" type="stmt"/>
        <line num="20" count="3" type="stmt"/>
        <line num="27" count="3" type="stmt"/>
      </file>
      <file name="storage.ts" path="/home/hecko/projects/Sandbox/Pokedex/pokedex-vue/src/utils/storage.ts">
        <metrics statements="14" coveredstatements="9" conditionals="7" coveredconditionals="2" methods="2" coveredmethods="2"/>
        <line num="9" count="296" type="cond" truecount="2" falsecount="0"/>
        <line num="11" count="208" type="stmt"/>
        <line num="12" count="208" type="stmt"/>
        <line num="13" count="208" type="stmt"/>
        <line num="15" count="4" type="stmt"/>
        <line num="16" count="4" type="stmt"/>
        <line num="24" count="102" type="stmt"/>
        <line num="25" count="102" type="stmt"/>
        <line num="26" count="102" type="stmt"/>
        <line num="28" count="0" type="cond" truecount="0" falsecount="5"/>
        <line num="32" count="0" type="stmt"/>
        <line num="33" count="0" type="stmt"/>
        <line num="35" count="0" type="stmt"/>
        <line num="37" count="0" type="stmt"/>
      </file>
      <file name="validation.ts" path="/home/hecko/projects/Sandbox/Pokedex/pokedex-vue/src/utils/validation.ts">
        <metrics statements="23" coveredstatements="23" conditionals="24" coveredconditionals="24" methods="3" coveredmethods="3"/>
        <line num="5" count="2" type="stmt"/>
        <line num="6" count="2" type="stmt"/>
        <line num="17" count="20" type="cond" truecount="4" falsecount="0"/>
        <line num="18" count="3" type="stmt"/>
        <line num="20" count="17" type="cond" truecount="2" falsecount="0"/>
        <line num="21" count="8" type="stmt"/>
        <line num="23" count="9" type="stmt"/>
        <line num="30" count="16" type="cond" truecount="4" falsecount="0"/>
        <line num="31" count="1" type="stmt"/>
        <line num="33" count="15" type="cond" truecount="2" falsecount="0"/>
        <line num="34" count="2" type="stmt"/>
        <line num="36" count="13" type="cond" truecount="2" falsecount="0"/>
        <line num="37" count="2" type="stmt"/>
        <line num="39" count="11" type="cond" truecount="2" falsecount="0"/>
        <line num="40" count="2" type="stmt"/>
        <line num="42" count="9" type="cond" truecount="2" falsecount="0"/>
        <line num="43" count="2" type="stmt"/>
        <line num="45" count="7" type="stmt"/>
        <line num="52" count="35" type="cond" truecount="4" falsecount="0"/>
        <line num="53" count="3" type="stmt"/>
        <line num="55" count="32" type="cond" truecount="2" falsecount="0"/>
        <line num="56" count="16" type="stmt"/>
        <line num="58" count="16" type="stmt"/>
      </file>
    </package>
  </project>
</coverage>
