{"/home/hecko/projects/Sandbox/Pokedex/pokedex-vue/src/components/PokemonCard.vue": {"path":"/home/hecko/projects/Sandbox/Pokedex/pokedex-vue/src/components/PokemonCard.vue","statementMap":{"0":{"start":{"line":9,"column":14},"end":{"line":9,"column":null}},"1":{"start":{"line":15,"column":6},"end":{"line":20,"column":null}},"2":{"start":{"line":16,"column":2},"end":{"line":18,"column":null}},"3":{"start":{"line":17,"column":4},"end":{"line":17,"column":null}},"4":{"start":{"line":19,"column":2},"end":{"line":19,"column":null}},"5":{"start":{"line":22,"column":13},"end":{"line":22,"column":null}},"6":{"start":{"line":27,"column":24},"end":{"line":27,"column":null}},"7":{"start":{"line":28,"column":35},"end":{"line":28,"column":null}},"8":{"start":{"line":30,"column":28},"end":{"line":39,"column":null}},"9":{"start":{"line":31,"column":2},"end":{"line":31,"column":null}},"10":{"start":{"line":33,"column":2},"end":{"line":36,"column":null}},"11":{"start":{"line":34,"column":4},"end":{"line":34,"column":null}},"12":{"start":{"line":35,"column":4},"end":{"line":35,"column":null}},"13":{"start":{"line":38,"column":2},"end":{"line":38,"column":null}},"14":{"start":{"line":75,"column":7},"end":{"line":75,"column":null}},"15":{"start":{"line":78,"column":7},"end":{"line":78,"column":37}},"16":{"start":{"line":44,"column":12},"end":{"line":44,"column":null}},"17":{"start":{"line":82,"column":6},"end":{"line":90,"column":null}}},"fnMap":{"0":{"name":"(anonymous_0)","decl":{"start":{"line":15,"column":27},"end":{"line":15,"column":33}},"loc":{"start":{"line":15,"column":33},"end":{"line":20,"column":1}},"line":15},"1":{"name":"(anonymous_1)","decl":{"start":{"line":30,"column":28},"end":{"line":30,"column":35}},"loc":{"start":{"line":30,"column":52},"end":{"line":39,"column":null}},"line":30},"2":{"name":"(anonymous_2)","decl":{"start":{"line":44,"column":10},"end":{"line":44,"column":12}},"loc":{"start":{"line":44,"column":12},"end":{"line":44,"column":null}},"line":44},"3":{"name":"(anonymous_3)","decl":{"start":{"line":83,"column":36},"end":{"line":83,"column":null}},"loc":{"start":{"line":83,"column":19},"end":{"line":90,"column":null}},"line":83}},"branchMap":{"0":{"loc":{"start":{"line":16,"column":2},"end":{"line":18,"column":null}},"type":"if","locations":[{"start":{"line":16,"column":2},"end":{"line":18,"column":null}},{"start":{},"end":{}}],"line":16},"1":{"loc":{"start":{"line":16,"column":6},"end":{"line":16,"column":52}},"type":"binary-expr","locations":[{"start":{"line":16,"column":6},"end":{"line":16,"column":23}},{"start":{"line":16,"column":23},"end":{"line":16,"column":52}}],"line":16},"2":{"loc":{"start":{"line":33,"column":2},"end":{"line":36,"column":null}},"type":"if","locations":[{"start":{"line":33,"column":2},"end":{"line":36,"column":null}},{"start":{},"end":{}}],"line":33},"3":{"loc":{"start":{"line":44,"column":10},"end":{"line":44,"column":null}},"type":"binary-expr","locations":[{"start":{"line":44,"column":10},"end":{"line":44,"column":12}},{"start":{"line":44,"column":10},"end":{"line":44,"column":null}}],"line":44},"4":{"loc":{"start":{"line":52,"column":14},"end":{"line":52,"column":null}},"type":"cond-expr","locations":[{"start":{"line":52,"column":43},"end":{"line":52,"column":null}},{"start":{"line":52,"column":43},"end":{"line":52,"column":null}}],"line":52},"5":{"loc":{"start":{"line":56,"column":15},"end":{"line":56,"column":null}},"type":"cond-expr","locations":[{"start":{"line":56,"column":44},"end":{"line":56,"column":null}},{"start":{"line":56,"column":44},"end":{"line":56,"column":null}}],"line":56}},"s":{"0":21,"1":21,"2":21,"3":1,"4":20,"5":21,"6":21,"7":21,"8":21,"9":1,"10":1,"11":0,"12":0,"13":1,"14":1,"15":1,"16":2,"17":21},"f":{"0":21,"1":1,"2":2,"3":21},"b":{"0":[1,20],"1":[21,2],"2":[0,1],"3":[21,21],"4":[18,3],"5":[18,3]},"meta":{"lastBranch":6,"lastFunction":4,"lastStatement":18,"seen":{"s:9:14:9:Infinity":0,"s:15:6:20:Infinity":1,"f:15:27:15:33":0,"b:16:2:18:Infinity:undefined:undefined:undefined:undefined":0,"s:16:2:18:Infinity":2,"b:16:6:16:23:16:23:16:52":1,"s:17:4:17:Infinity":3,"s:19:2:19:Infinity":4,"s:22:13:22:Infinity":5,"s:27:24:27:Infinity":6,"s:28:35:28:Infinity":7,"s:30:28:39:Infinity":8,"f:30:28:30:35":1,"s:31:2:31:Infinity":9,"b:33:2:36:Infinity:undefined:undefined:undefined:undefined":2,"s:33:2:36:Infinity":10,"s:34:4:34:Infinity":11,"s:35:4:35:Infinity":12,"s:38:2:38:Infinity":13,"s:75:7:75:Infinity":14,"s:78:7:78:37":15,"b:44:10:44:12:44:10:44:Infinity":3,"f:44:10:44:12":2,"s:44:12:44:Infinity":16,"b:52:43:52:Infinity:52:43:52:Infinity":4,"b:56:44:56:Infinity:56:44:56:Infinity":5,"f:83:36:83:Infinity":3,"s:82:6:90:Infinity":17}}}
,"/home/hecko/projects/Sandbox/Pokedex/pokedex-vue/src/composables/useAuth.ts": {"path":"/home/hecko/projects/Sandbox/Pokedex/pokedex-vue/src/composables/useAuth.ts","statementMap":{"0":{"start":{"line":19,"column":6},"end":{"line":19,"column":null}},"1":{"start":{"line":20,"column":6},"end":{"line":22,"column":null}},"2":{"start":{"line":25,"column":8},"end":{"line":25,"column":null}},"3":{"start":{"line":25,"column":41},"end":{"line":25,"column":54}},"4":{"start":{"line":27,"column":19},"end":{"line":90,"column":null}},"5":{"start":{"line":32,"column":4},"end":{"line":89,"column":null}},"6":{"start":{"line":34,"column":12},"end":{"line":34,"column":null}},"7":{"start":{"line":35,"column":6},"end":{"line":37,"column":null}},"8":{"start":{"line":36,"column":8},"end":{"line":36,"column":null}},"9":{"start":{"line":39,"column":12},"end":{"line":39,"column":null}},"10":{"start":{"line":40,"column":6},"end":{"line":42,"column":null}},"11":{"start":{"line":41,"column":8},"end":{"line":41,"column":null}},"12":{"start":{"line":44,"column":12},"end":{"line":44,"column":null}},"13":{"start":{"line":45,"column":6},"end":{"line":47,"column":null}},"14":{"start":{"line":46,"column":8},"end":{"line":46,"column":null}},"15":{"start":{"line":50,"column":12},"end":{"line":50,"column":null}},"16":{"start":{"line":51,"column":6},"end":{"line":56,"column":null}},"17":{"start":{"line":51,"column":40},"end":{"line":51,"column":85}},"18":{"start":{"line":52,"column":8},"end":{"line":55,"column":null}},"19":{"start":{"line":59,"column":12},"end":{"line":59,"column":null}},"20":{"start":{"line":60,"column":29},"end":{"line":60,"column":null}},"21":{"start":{"line":63,"column":28},"end":{"line":69,"column":null}},"22":{"start":{"line":72,"column":37},"end":{"line":72,"column":null}},"23":{"start":{"line":73,"column":6},"end":{"line":73,"column":null}},"24":{"start":{"line":74,"column":6},"end":{"line":74,"column":null}},"25":{"start":{"line":77,"column":23},"end":{"line":77,"column":null}},"26":{"start":{"line":78,"column":6},"end":{"line":78,"column":null}},"27":{"start":{"line":79,"column":6},"end":{"line":79,"column":null}},"28":{"start":{"line":80,"column":6},"end":{"line":80,"column":null}},"29":{"start":{"line":81,"column":6},"end":{"line":81,"column":null}},"30":{"start":{"line":83,"column":6},"end":{"line":83,"column":null}},"31":{"start":{"line":85,"column":6},"end":{"line":88,"column":null}},"32":{"start":{"line":92,"column":16},"end":{"line":137,"column":null}},"33":{"start":{"line":93,"column":4},"end":{"line":136,"column":null}},"34":{"start":{"line":95,"column":12},"end":{"line":95,"column":null}},"35":{"start":{"line":96,"column":6},"end":{"line":98,"column":null}},"36":{"start":{"line":97,"column":8},"end":{"line":97,"column":null}},"37":{"start":{"line":101,"column":12},"end":{"line":101,"column":null}},"38":{"start":{"line":102,"column":24},"end":{"line":104,"column":null}},"39":{"start":{"line":103,"column":27},"end":{"line":103,"column":null}},"40":{"start":{"line":106,"column":6},"end":{"line":111,"column":null}},"41":{"start":{"line":107,"column":8},"end":{"line":110,"column":null}},"42":{"start":{"line":114,"column":26},"end":{"line":114,"column":null}},"43":{"start":{"line":115,"column":6},"end":{"line":120,"column":null}},"44":{"start":{"line":116,"column":8},"end":{"line":119,"column":null}},"45":{"start":{"line":123,"column":64},"end":{"line":123,"column":null}},"46":{"start":{"line":124,"column":23},"end":{"line":124,"column":null}},"47":{"start":{"line":125,"column":6},"end":{"line":125,"column":null}},"48":{"start":{"line":126,"column":6},"end":{"line":126,"column":null}},"49":{"start":{"line":127,"column":6},"end":{"line":127,"column":null}},"50":{"start":{"line":128,"column":6},"end":{"line":128,"column":null}},"51":{"start":{"line":130,"column":6},"end":{"line":130,"column":null}},"52":{"start":{"line":132,"column":6},"end":{"line":135,"column":null}},"53":{"start":{"line":139,"column":17},"end":{"line":144,"column":null}},"54":{"start":{"line":140,"column":4},"end":{"line":140,"column":null}},"55":{"start":{"line":141,"column":4},"end":{"line":141,"column":null}},"56":{"start":{"line":142,"column":4},"end":{"line":142,"column":null}},"57":{"start":{"line":143,"column":4},"end":{"line":143,"column":null}},"58":{"start":{"line":146,"column":21},"end":{"line":161,"column":null}},"59":{"start":{"line":147,"column":4},"end":{"line":160,"column":null}},"60":{"start":{"line":148,"column":6},"end":{"line":150,"column":null}},"61":{"start":{"line":149,"column":8},"end":{"line":149,"column":null}},"62":{"start":{"line":151,"column":6},"end":{"line":154,"column":null}},"63":{"start":{"line":156,"column":6},"end":{"line":159,"column":null}},"64":{"start":{"line":163,"column":2},"end":{"line":171,"column":null}}},"fnMap":{"0":{"name":"useAuth","decl":{"start":{"line":24,"column":16},"end":{"line":24,"column":26}},"loc":{"start":{"line":24,"column":26},"end":{"line":172,"column":null}},"line":24},"1":{"name":"(anonymous_1)","decl":{"start":{"line":25,"column":35},"end":{"line":25,"column":41}},"loc":{"start":{"line":25,"column":41},"end":{"line":25,"column":54}},"line":25},"2":{"name":"(anonymous_2)","decl":{"start":{"line":27,"column":19},"end":{"line":27,"column":null}},"loc":{"start":{"line":31,"column":7},"end":{"line":90,"column":null}},"line":31},"3":{"name":"(anonymous_3)","decl":{"start":{"line":51,"column":21},"end":{"line":51,"column":22}},"loc":{"start":{"line":51,"column":40},"end":{"line":51,"column":85}},"line":51},"4":{"name":"(anonymous_4)","decl":{"start":{"line":92,"column":16},"end":{"line":92,"column":23}},"loc":{"start":{"line":92,"column":59},"end":{"line":137,"column":null}},"line":92},"5":{"name":"(anonymous_5)","decl":{"start":{"line":103,"column":8},"end":{"line":103,"column":9}},"loc":{"start":{"line":103,"column":27},"end":{"line":103,"column":null}},"line":103},"6":{"name":"(anonymous_6)","decl":{"start":{"line":139,"column":17},"end":{"line":139,"column":23}},"loc":{"start":{"line":139,"column":23},"end":{"line":144,"column":null}},"line":139},"7":{"name":"(anonymous_7)","decl":{"start":{"line":146,"column":21},"end":{"line":146,"column":33}},"loc":{"start":{"line":146,"column":33},"end":{"line":161,"column":null}},"line":146}},"branchMap":{"0":{"loc":{"start":{"line":35,"column":6},"end":{"line":37,"column":null}},"type":"if","locations":[{"start":{"line":35,"column":6},"end":{"line":37,"column":null}},{"start":{},"end":{}}],"line":35},"1":{"loc":{"start":{"line":40,"column":6},"end":{"line":42,"column":null}},"type":"if","locations":[{"start":{"line":40,"column":6},"end":{"line":42,"column":null}},{"start":{},"end":{}}],"line":40},"2":{"loc":{"start":{"line":45,"column":6},"end":{"line":47,"column":null}},"type":"if","locations":[{"start":{"line":45,"column":6},"end":{"line":47,"column":null}},{"start":{},"end":{}}],"line":45},"3":{"loc":{"start":{"line":51,"column":6},"end":{"line":56,"column":null}},"type":"if","locations":[{"start":{"line":51,"column":6},"end":{"line":56,"column":null}},{"start":{},"end":{}}],"line":51},"4":{"loc":{"start":{"line":87,"column":15},"end":{"line":87,"column":null}},"type":"binary-expr","locations":[{"start":{"line":87,"column":15},"end":{"line":87,"column":32}},{"start":{"line":87,"column":32},"end":{"line":87,"column":null}}],"line":87},"5":{"loc":{"start":{"line":96,"column":6},"end":{"line":98,"column":null}},"type":"if","locations":[{"start":{"line":96,"column":6},"end":{"line":98,"column":null}},{"start":{},"end":{}}],"line":96},"6":{"loc":{"start":{"line":106,"column":6},"end":{"line":111,"column":null}},"type":"if","locations":[{"start":{"line":106,"column":6},"end":{"line":111,"column":null}},{"start":{},"end":{}}],"line":106},"7":{"loc":{"start":{"line":115,"column":6},"end":{"line":120,"column":null}},"type":"if","locations":[{"start":{"line":115,"column":6},"end":{"line":120,"column":null}},{"start":{},"end":{}}],"line":115},"8":{"loc":{"start":{"line":134,"column":15},"end":{"line":134,"column":null}},"type":"binary-expr","locations":[{"start":{"line":134,"column":15},"end":{"line":134,"column":32}},{"start":{"line":134,"column":32},"end":{"line":134,"column":null}}],"line":134},"9":{"loc":{"start":{"line":148,"column":6},"end":{"line":150,"column":null}},"type":"if","locations":[{"start":{"line":148,"column":6},"end":{"line":150,"column":null}},{"start":{},"end":{}}],"line":148}},"s":{"0":15,"1":15,"2":14,"3":7,"4":14,"5":10,"6":10,"7":10,"8":1,"9":9,"10":9,"11":1,"12":8,"13":8,"14":1,"15":7,"16":7,"17":1,"18":1,"19":6,"20":6,"21":6,"22":6,"23":6,"24":6,"25":6,"26":6,"27":6,"28":6,"29":6,"30":6,"31":0,"32":14,"33":4,"34":4,"35":4,"36":1,"37":3,"38":3,"39":2,"40":3,"41":1,"42":2,"43":2,"44":1,"45":1,"46":1,"47":1,"48":1,"49":1,"50":1,"51":1,"52":0,"53":14,"54":2,"55":2,"56":2,"57":2,"58":14,"59":2,"60":2,"61":1,"62":1,"63":0,"64":14},"f":{"0":14,"1":7,"2":10,"3":1,"4":4,"5":2,"6":2,"7":2},"b":{"0":[1,9],"1":[1,8],"2":[1,7],"3":[1,6],"4":[0,0],"5":[1,3],"6":[1,2],"7":[1,1],"8":[0,0],"9":[1,1]},"meta":{"lastBranch":10,"lastFunction":8,"lastStatement":65,"seen":{"s:19:6:19:Infinity":0,"s:20:6:22:Infinity":1,"f:24:16:24:26":0,"s:25:8:25:Infinity":2,"f:25:35:25:41":1,"s:25:41:25:54":3,"s:27:19:90:Infinity":4,"f:27:19:27:Infinity":2,"s:32:4:89:Infinity":5,"s:34:12:34:Infinity":6,"b:35:6:37:Infinity:undefined:undefined:undefined:undefined":0,"s:35:6:37:Infinity":7,"s:36:8:36:Infinity":8,"s:39:12:39:Infinity":9,"b:40:6:42:Infinity:undefined:undefined:undefined:undefined":1,"s:40:6:42:Infinity":10,"s:41:8:41:Infinity":11,"s:44:12:44:Infinity":12,"b:45:6:47:Infinity:undefined:undefined:undefined:undefined":2,"s:45:6:47:Infinity":13,"s:46:8:46:Infinity":14,"s:50:12:50:Infinity":15,"b:51:6:56:Infinity:undefined:undefined:undefined:undefined":3,"s:51:6:56:Infinity":16,"f:51:21:51:22":3,"s:51:40:51:85":17,"s:52:8:55:Infinity":18,"s:59:12:59:Infinity":19,"s:60:29:60:Infinity":20,"s:63:28:69:Infinity":21,"s:72:37:72:Infinity":22,"s:73:6:73:Infinity":23,"s:74:6:74:Infinity":24,"s:77:23:77:Infinity":25,"s:78:6:78:Infinity":26,"s:79:6:79:Infinity":27,"s:80:6:80:Infinity":28,"s:81:6:81:Infinity":29,"s:83:6:83:Infinity":30,"s:85:6:88:Infinity":31,"b:87:15:87:32:87:32:87:Infinity":4,"s:92:16:137:Infinity":32,"f:92:16:92:23":4,"s:93:4:136:Infinity":33,"s:95:12:95:Infinity":34,"b:96:6:98:Infinity:undefined:undefined:undefined:undefined":5,"s:96:6:98:Infinity":35,"s:97:8:97:Infinity":36,"s:101:12:101:Infinity":37,"s:102:24:104:Infinity":38,"f:103:8:103:9":5,"s:103:27:103:Infinity":39,"b:106:6:111:Infinity:undefined:undefined:undefined:undefined":6,"s:106:6:111:Infinity":40,"s:107:8:110:Infinity":41,"s:114:26:114:Infinity":42,"b:115:6:120:Infinity:undefined:undefined:undefined:undefined":7,"s:115:6:120:Infinity":43,"s:116:8:119:Infinity":44,"s:123:64:123:Infinity":45,"s:124:23:124:Infinity":46,"s:125:6:125:Infinity":47,"s:126:6:126:Infinity":48,"s:127:6:127:Infinity":49,"s:128:6:128:Infinity":50,"s:130:6:130:Infinity":51,"s:132:6:135:Infinity":52,"b:134:15:134:32:134:32:134:Infinity":8,"s:139:17:144:Infinity":53,"f:139:17:139:23":6,"s:140:4:140:Infinity":54,"s:141:4:141:Infinity":55,"s:142:4:142:Infinity":56,"s:143:4:143:Infinity":57,"s:146:21:161:Infinity":58,"f:146:21:146:33":7,"s:147:4:160:Infinity":59,"b:148:6:150:Infinity:undefined:undefined:undefined:undefined":9,"s:148:6:150:Infinity":60,"s:149:8:149:Infinity":61,"s:151:6:154:Infinity":62,"s:156:6:159:Infinity":63,"s:163:2:171:Infinity":64}}}
,"/home/hecko/projects/Sandbox/Pokedex/pokedex-vue/src/composables/useFavorites.ts": {"path":"/home/hecko/projects/Sandbox/Pokedex/pokedex-vue/src/composables/useFavorites.ts","statementMap":{"0":{"start":{"line":11,"column":6},"end":{"line":11,"column":null}},"1":{"start":{"line":12,"column":6},"end":{"line":12,"column":null}},"2":{"start":{"line":13,"column":6},"end":{"line":13,"column":null}},"3":{"start":{"line":22,"column":33},"end":{"line":36,"column":null}},"4":{"start":{"line":23,"column":15},"end":{"line":23,"column":null}},"5":{"start":{"line":24,"column":2},"end":{"line":35,"column":null}},"6":{"start":{"line":25,"column":10},"end":{"line":25,"column":null}},"7":{"start":{"line":26,"column":4},"end":{"line":32,"column":null}},"8":{"start":{"line":27,"column":21},"end":{"line":27,"column":null}},"9":{"start":{"line":28,"column":30},"end":{"line":28,"column":null}},"10":{"start":{"line":29,"column":6},"end":{"line":29,"column":null}},"11":{"start":{"line":31,"column":6},"end":{"line":31,"column":null}},"12":{"start":{"line":34,"column":4},"end":{"line":34,"column":null}},"13":{"start":{"line":39,"column":31},"end":{"line":51,"column":null}},"14":{"start":{"line":40,"column":15},"end":{"line":40,"column":null}},"15":{"start":{"line":41,"column":2},"end":{"line":50,"column":null}},"16":{"start":{"line":42,"column":10},"end":{"line":42,"column":null}},"17":{"start":{"line":43,"column":4},"end":{"line":49,"column":null}},"18":{"start":{"line":44,"column":21},"end":{"line":44,"column":null}},"19":{"start":{"line":45,"column":12},"end":{"line":45,"column":null}},"20":{"start":{"line":46,"column":6},"end":{"line":48,"column":null}},"21":{"start":{"line":47,"column":8},"end":{"line":47,"column":null}},"22":{"start":{"line":54,"column":0},"end":{"line":54,"column":null}},"23":{"start":{"line":58,"column":30},"end":{"line":71,"column":null}},"24":{"start":{"line":59,"column":17},"end":{"line":59,"column":null}},"25":{"start":{"line":60,"column":4},"end":{"line":60,"column":null}},"26":{"start":{"line":60,"column":15},"end":{"line":60,"column":null}},"27":{"start":{"line":62,"column":10},"end":{"line":62,"column":null}},"28":{"start":{"line":63,"column":4},"end":{"line":63,"column":null}},"29":{"start":{"line":63,"column":19},"end":{"line":63,"column":null}},"30":{"start":{"line":65,"column":19},"end":{"line":65,"column":null}},"31":{"start":{"line":66,"column":16},"end":{"line":66,"column":null}},"32":{"start":{"line":68,"column":4},"end":{"line":70,"column":null}},"33":{"start":{"line":69,"column":6},"end":{"line":69,"column":null}},"34":{"start":{"line":73,"column":2},"end":{"line":75,"column":null}},"35":{"start":{"line":74,"column":4},"end":{"line":74,"column":null}},"36":{"start":{"line":77,"column":2},"end":{"line":79,"column":null}},"37":{"start":{"line":78,"column":4},"end":{"line":78,"column":null}},"38":{"start":{"line":80,"column":25},"end":{"line":92,"column":null}},"39":{"start":{"line":81,"column":4},"end":{"line":81,"column":null}},"40":{"start":{"line":82,"column":4},"end":{"line":82,"column":null}},"41":{"start":{"line":83,"column":4},"end":{"line":91,"column":null}},"42":{"start":{"line":84,"column":6},"end":{"line":84,"column":null}},"43":{"start":{"line":85,"column":6},"end":{"line":85,"column":null}},"44":{"start":{"line":87,"column":6},"end":{"line":87,"column":null}},"45":{"start":{"line":88,"column":6},"end":{"line":88,"column":null}},"46":{"start":{"line":90,"column":6},"end":{"line":90,"column":null}},"47":{"start":{"line":94,"column":22},"end":{"line":120,"column":null}},"48":{"start":{"line":95,"column":4},"end":{"line":95,"column":null}},"49":{"start":{"line":96,"column":4},"end":{"line":96,"column":null}},"50":{"start":{"line":97,"column":4},"end":{"line":119,"column":null}},"51":{"start":{"line":98,"column":19},"end":{"line":98,"column":null}},"52":{"start":{"line":99,"column":6},"end":{"line":101,"column":null}},"53":{"start":{"line":100,"column":8},"end":{"line":100,"column":null}},"54":{"start":{"line":103,"column":21},"end":{"line":103,"column":null}},"55":{"start":{"line":104,"column":33},"end":{"line":109,"column":null}},"56":{"start":{"line":111,"column":6},"end":{"line":111,"column":null}},"57":{"start":{"line":112,"column":6},"end":{"line":112,"column":null}},"58":{"start":{"line":113,"column":6},"end":{"line":113,"column":null}},"59":{"start":{"line":115,"column":6},"end":{"line":115,"column":null}},"60":{"start":{"line":116,"column":6},"end":{"line":116,"column":null}},"61":{"start":{"line":118,"column":6},"end":{"line":118,"column":null}},"62":{"start":{"line":122,"column":25},"end":{"line":140,"column":null}},"63":{"start":{"line":123,"column":4},"end":{"line":123,"column":null}},"64":{"start":{"line":124,"column":4},"end":{"line":124,"column":null}},"65":{"start":{"line":125,"column":4},"end":{"line":139,"column":null}},"66":{"start":{"line":126,"column":23},"end":{"line":126,"column":null}},"67":{"start":{"line":126,"column":51},"end":{"line":126,"column":77}},"68":{"start":{"line":127,"column":6},"end":{"line":129,"column":null}},"69":{"start":{"line":128,"column":8},"end":{"line":128,"column":null}},"70":{"start":{"line":131,"column":6},"end":{"line":131,"column":null}},"71":{"start":{"line":131,"column":54},"end":{"line":131,"column":74}},"72":{"start":{"line":132,"column":6},"end":{"line":132,"column":null}},"73":{"start":{"line":133,"column":6},"end":{"line":133,"column":null}},"74":{"start":{"line":135,"column":6},"end":{"line":135,"column":null}},"75":{"start":{"line":136,"column":6},"end":{"line":136,"column":null}},"76":{"start":{"line":138,"column":6},"end":{"line":138,"column":null}},"77":{"start":{"line":142,"column":21},"end":{"line":144,"column":null}},"78":{"start":{"line":143,"column":4},"end":{"line":143,"column":null}},"79":{"start":{"line":143,"column":39},"end":{"line":143,"column":65}},"80":{"start":{"line":146,"column":25},"end":{"line":152,"column":null}},"81":{"start":{"line":147,"column":4},"end":{"line":151,"column":null}},"82":{"start":{"line":148,"column":6},"end":{"line":148,"column":null}},"83":{"start":{"line":150,"column":6},"end":{"line":150,"column":null}},"84":{"start":{"line":154,"column":2},"end":{"line":163,"column":null}}},"fnMap":{"0":{"name":"(anonymous_0)","decl":{"start":{"line":22,"column":33},"end":{"line":22,"column":39}},"loc":{"start":{"line":22,"column":39},"end":{"line":36,"column":null}},"line":22},"1":{"name":"(anonymous_1)","decl":{"start":{"line":39,"column":31},"end":{"line":39,"column":37}},"loc":{"start":{"line":39,"column":37},"end":{"line":51,"column":null}},"line":39},"2":{"name":"useFavorites","decl":{"start":{"line":56,"column":16},"end":{"line":56,"column":31}},"loc":{"start":{"line":56,"column":31},"end":{"line":164,"column":null}},"line":56},"3":{"name":"(anonymous_3)","decl":{"start":{"line":58,"column":30},"end":{"line":58,"column":31}},"loc":{"start":{"line":58,"column":55},"end":{"line":71,"column":null}},"line":58},"4":{"name":"(anonymous_4)","decl":{"start":{"line":73,"column":12},"end":{"line":73,"column":18}},"loc":{"start":{"line":73,"column":18},"end":{"line":75,"column":3}},"line":73},"5":{"name":"(anonymous_5)","decl":{"start":{"line":77,"column":14},"end":{"line":77,"column":20}},"loc":{"start":{"line":77,"column":20},"end":{"line":79,"column":3}},"line":77},"6":{"name":"(anonymous_6)","decl":{"start":{"line":80,"column":25},"end":{"line":80,"column":37}},"loc":{"start":{"line":80,"column":37},"end":{"line":92,"column":null}},"line":80},"7":{"name":"(anonymous_7)","decl":{"start":{"line":94,"column":22},"end":{"line":94,"column":29}},"loc":{"start":{"line":94,"column":51},"end":{"line":120,"column":null}},"line":94},"8":{"name":"(anonymous_8)","decl":{"start":{"line":122,"column":25},"end":{"line":122,"column":32}},"loc":{"start":{"line":122,"column":54},"end":{"line":140,"column":null}},"line":122},"9":{"name":"(anonymous_9)","decl":{"start":{"line":126,"column":44},"end":{"line":126,"column":45}},"loc":{"start":{"line":126,"column":51},"end":{"line":126,"column":77}},"line":126},"10":{"name":"(anonymous_10)","decl":{"start":{"line":131,"column":47},"end":{"line":131,"column":48}},"loc":{"start":{"line":131,"column":54},"end":{"line":131,"column":74}},"line":131},"11":{"name":"(anonymous_11)","decl":{"start":{"line":142,"column":21},"end":{"line":142,"column":22}},"loc":{"start":{"line":142,"column":44},"end":{"line":144,"column":null}},"line":142},"12":{"name":"(anonymous_12)","decl":{"start":{"line":143,"column":32},"end":{"line":143,"column":33}},"loc":{"start":{"line":143,"column":39},"end":{"line":143,"column":65}},"line":143},"13":{"name":"(anonymous_13)","decl":{"start":{"line":146,"column":25},"end":{"line":146,"column":32}},"loc":{"start":{"line":146,"column":54},"end":{"line":152,"column":null}},"line":146}},"branchMap":{"0":{"loc":{"start":{"line":24,"column":2},"end":{"line":35,"column":null}},"type":"if","locations":[{"start":{"line":24,"column":2},"end":{"line":35,"column":null}},{"start":{"line":33,"column":9},"end":{"line":35,"column":null}}],"line":24},"1":{"loc":{"start":{"line":26,"column":4},"end":{"line":32,"column":null}},"type":"if","locations":[{"start":{"line":26,"column":4},"end":{"line":32,"column":null}},{"start":{"line":30,"column":11},"end":{"line":32,"column":null}}],"line":26},"2":{"loc":{"start":{"line":41,"column":2},"end":{"line":50,"column":null}},"type":"if","locations":[{"start":{"line":41,"column":2},"end":{"line":50,"column":null}},{"start":{},"end":{}}],"line":41},"3":{"loc":{"start":{"line":43,"column":4},"end":{"line":49,"column":null}},"type":"if","locations":[{"start":{"line":43,"column":4},"end":{"line":49,"column":null}},{"start":{},"end":{}}],"line":43},"4":{"loc":{"start":{"line":46,"column":6},"end":{"line":48,"column":null}},"type":"if","locations":[{"start":{"line":46,"column":6},"end":{"line":48,"column":null}},{"start":{},"end":{}}],"line":46},"5":{"loc":{"start":{"line":60,"column":4},"end":{"line":60,"column":null}},"type":"if","locations":[{"start":{"line":60,"column":4},"end":{"line":60,"column":null}},{"start":{},"end":{}}],"line":60},"6":{"loc":{"start":{"line":63,"column":4},"end":{"line":63,"column":null}},"type":"if","locations":[{"start":{"line":63,"column":4},"end":{"line":63,"column":null}},{"start":{},"end":{}}],"line":63},"7":{"loc":{"start":{"line":68,"column":4},"end":{"line":70,"column":null}},"type":"if","locations":[{"start":{"line":68,"column":4},"end":{"line":70,"column":null}},{"start":{},"end":{}}],"line":68},"8":{"loc":{"start":{"line":68,"column":8},"end":{"line":68,"column":45}},"type":"binary-expr","locations":[{"start":{"line":68,"column":8},"end":{"line":68,"column":29}},{"start":{"line":68,"column":29},"end":{"line":68,"column":45}}],"line":68},"9":{"loc":{"start":{"line":99,"column":6},"end":{"line":101,"column":null}},"type":"if","locations":[{"start":{"line":99,"column":6},"end":{"line":101,"column":null}},{"start":{},"end":{}}],"line":99},"10":{"loc":{"start":{"line":115,"column":20},"end":{"line":115,"column":null}},"type":"binary-expr","locations":[{"start":{"line":115,"column":20},"end":{"line":115,"column":35}},{"start":{"line":115,"column":35},"end":{"line":115,"column":null}}],"line":115},"11":{"loc":{"start":{"line":127,"column":6},"end":{"line":129,"column":null}},"type":"if","locations":[{"start":{"line":127,"column":6},"end":{"line":129,"column":null}},{"start":{},"end":{}}],"line":127},"12":{"loc":{"start":{"line":135,"column":20},"end":{"line":135,"column":null}},"type":"binary-expr","locations":[{"start":{"line":135,"column":20},"end":{"line":135,"column":35}},{"start":{"line":135,"column":35},"end":{"line":135,"column":null}}],"line":135},"13":{"loc":{"start":{"line":147,"column":4},"end":{"line":151,"column":null}},"type":"if","locations":[{"start":{"line":147,"column":4},"end":{"line":151,"column":null}},{"start":{"line":149,"column":11},"end":{"line":151,"column":null}}],"line":147}},"s":{"0":27,"1":27,"2":27,"3":27,"4":29,"5":29,"6":28,"7":28,"8":28,"9":28,"10":28,"11":0,"12":1,"13":27,"14":24,"15":24,"16":24,"17":24,"18":24,"19":24,"20":24,"21":0,"22":27,"23":24,"24":0,"25":0,"26":0,"27":0,"28":0,"29":0,"30":0,"31":0,"32":0,"33":0,"34":24,"35":0,"36":24,"37":0,"38":24,"39":2,"40":2,"41":2,"42":2,"43":2,"44":0,"45":0,"46":2,"47":24,"48":22,"49":22,"50":22,"51":22,"52":22,"53":2,"54":20,"55":20,"56":20,"57":20,"58":20,"59":2,"60":2,"61":22,"62":24,"63":7,"64":7,"65":7,"66":7,"67":5,"68":7,"69":3,"70":4,"71":4,"72":4,"73":4,"74":3,"75":3,"76":7,"77":24,"78":21,"79":18,"80":24,"81":6,"82":2,"83":4,"84":24},"f":{"0":29,"1":24,"2":24,"3":0,"4":0,"5":0,"6":2,"7":22,"8":7,"9":5,"10":4,"11":21,"12":18,"13":6},"b":{"0":[28,1],"1":[28,0],"2":[24,0],"3":[24,0],"4":[0,24],"5":[0,0],"6":[0,0],"7":[0,0],"8":[0,0],"9":[2,20],"10":[2,0],"11":[3,4],"12":[3,0],"13":[2,4]},"meta":{"lastBranch":14,"lastFunction":14,"lastStatement":85,"seen":{"s:11:6:11:Infinity":0,"s:12:6:12:Infinity":1,"s:13:6:13:Infinity":2,"s:22:33:36:Infinity":3,"f:22:33:22:39":0,"s:23:15:23:Infinity":4,"b:24:2:35:Infinity:33:9:35:Infinity":0,"s:24:2:35:Infinity":5,"s:25:10:25:Infinity":6,"b:26:4:32:Infinity:30:11:32:Infinity":1,"s:26:4:32:Infinity":7,"s:27:21:27:Infinity":8,"s:28:30:28:Infinity":9,"s:29:6:29:Infinity":10,"s:31:6:31:Infinity":11,"s:34:4:34:Infinity":12,"s:39:31:51:Infinity":13,"f:39:31:39:37":1,"s:40:15:40:Infinity":14,"b:41:2:50:Infinity:undefined:undefined:undefined:undefined":2,"s:41:2:50:Infinity":15,"s:42:10:42:Infinity":16,"b:43:4:49:Infinity:undefined:undefined:undefined:undefined":3,"s:43:4:49:Infinity":17,"s:44:21:44:Infinity":18,"s:45:12:45:Infinity":19,"b:46:6:48:Infinity:undefined:undefined:undefined:undefined":4,"s:46:6:48:Infinity":20,"s:47:8:47:Infinity":21,"s:54:0:54:Infinity":22,"f:56:16:56:31":2,"s:58:30:71:Infinity":23,"f:58:30:58:31":3,"s:59:17:59:Infinity":24,"b:60:4:60:Infinity:undefined:undefined:undefined:undefined":5,"s:60:4:60:Infinity":25,"s:60:15:60:Infinity":26,"s:62:10:62:Infinity":27,"b:63:4:63:Infinity:undefined:undefined:undefined:undefined":6,"s:63:4:63:Infinity":28,"s:63:19:63:Infinity":29,"s:65:19:65:Infinity":30,"s:66:16:66:Infinity":31,"b:68:4:70:Infinity:undefined:undefined:undefined:undefined":7,"s:68:4:70:Infinity":32,"b:68:8:68:29:68:29:68:45":8,"s:69:6:69:Infinity":33,"s:73:2:75:Infinity":34,"f:73:12:73:18":4,"s:74:4:74:Infinity":35,"s:77:2:79:Infinity":36,"f:77:14:77:20":5,"s:78:4:78:Infinity":37,"s:80:25:92:Infinity":38,"f:80:25:80:37":6,"s:81:4:81:Infinity":39,"s:82:4:82:Infinity":40,"s:83:4:91:Infinity":41,"s:84:6:84:Infinity":42,"s:85:6:85:Infinity":43,"s:87:6:87:Infinity":44,"s:88:6:88:Infinity":45,"s:90:6:90:Infinity":46,"s:94:22:120:Infinity":47,"f:94:22:94:29":7,"s:95:4:95:Infinity":48,"s:96:4:96:Infinity":49,"s:97:4:119:Infinity":50,"s:98:19:98:Infinity":51,"b:99:6:101:Infinity:undefined:undefined:undefined:undefined":9,"s:99:6:101:Infinity":52,"s:100:8:100:Infinity":53,"s:103:21:103:Infinity":54,"s:104:33:109:Infinity":55,"s:111:6:111:Infinity":56,"s:112:6:112:Infinity":57,"s:113:6:113:Infinity":58,"s:115:6:115:Infinity":59,"b:115:20:115:35:115:35:115:Infinity":10,"s:116:6:116:Infinity":60,"s:118:6:118:Infinity":61,"s:122:25:140:Infinity":62,"f:122:25:122:32":8,"s:123:4:123:Infinity":63,"s:124:4:124:Infinity":64,"s:125:4:139:Infinity":65,"s:126:23:126:Infinity":66,"f:126:44:126:45":9,"s:126:51:126:77":67,"b:127:6:129:Infinity:undefined:undefined:undefined:undefined":11,"s:127:6:129:Infinity":68,"s:128:8:128:Infinity":69,"s:131:6:131:Infinity":70,"f:131:47:131:48":10,"s:131:54:131:74":71,"s:132:6:132:Infinity":72,"s:133:6:133:Infinity":73,"s:135:6:135:Infinity":74,"b:135:20:135:35:135:35:135:Infinity":12,"s:136:6:136:Infinity":75,"s:138:6:138:Infinity":76,"s:142:21:144:Infinity":77,"f:142:21:142:22":11,"s:143:4:143:Infinity":78,"f:143:32:143:33":12,"s:143:39:143:65":79,"s:146:25:152:Infinity":80,"f:146:25:146:32":13,"b:147:4:151:Infinity:149:11:151:Infinity":13,"s:147:4:151:Infinity":81,"s:148:6:148:Infinity":82,"s:150:6:150:Infinity":83,"s:154:2:163:Infinity":84}}}
,"/home/hecko/projects/Sandbox/Pokedex/pokedex-vue/src/composables/usePokemon.ts": {"path":"/home/hecko/projects/Sandbox/Pokedex/pokedex-vue/src/composables/usePokemon.ts","statementMap":{"0":{"start":{"line":8,"column":8},"end":{"line":8,"column":null}},"1":{"start":{"line":9,"column":8},"end":{"line":9,"column":null}},"2":{"start":{"line":10,"column":8},"end":{"line":10,"column":null}},"3":{"start":{"line":11,"column":8},"end":{"line":11,"column":null}},"4":{"start":{"line":12,"column":8},"end":{"line":12,"column":null}},"5":{"start":{"line":15,"column":8},"end":{"line":27,"column":null}},"6":{"start":{"line":16,"column":4},"end":{"line":26,"column":null}},"7":{"start":{"line":17,"column":28},"end":{"line":19,"column":null}},"8":{"start":{"line":22,"column":8},"end":{"line":23,"column":null}},"9":{"start":{"line":23,"column":38},"end":{"line":23,"column":70}},"10":{"start":{"line":25,"column":6},"end":{"line":25,"column":null}},"11":{"start":{"line":30,"column":8},"end":{"line":44,"column":null}},"12":{"start":{"line":31,"column":20},"end":{"line":31,"column":null}},"13":{"start":{"line":33,"column":4},"end":{"line":39,"column":null}},"14":{"start":{"line":34,"column":18},"end":{"line":34,"column":null}},"15":{"start":{"line":35,"column":6},"end":{"line":37,"column":null}},"16":{"start":{"line":36,"column":8},"end":{"line":36,"column":null}},"17":{"start":{"line":38,"column":6},"end":{"line":38,"column":null}},"18":{"start":{"line":41,"column":4},"end":{"line":43,"column":null}},"19":{"start":{"line":42,"column":26},"end":{"line":42,"column":31}},"20":{"start":{"line":43,"column":40},"end":{"line":43,"column":65}},"21":{"start":{"line":47,"column":8},"end":{"line":53,"column":null}},"22":{"start":{"line":48,"column":18},"end":{"line":48,"column":null}},"23":{"start":{"line":49,"column":4},"end":{"line":51,"column":null}},"24":{"start":{"line":50,"column":6},"end":{"line":50,"column":null}},"25":{"start":{"line":50,"column":39},"end":{"line":50,"column":59}},"26":{"start":{"line":52,"column":4},"end":{"line":52,"column":null}},"27":{"start":{"line":55,"column":25},"end":{"line":57,"column":null}},"28":{"start":{"line":56,"column":4},"end":{"line":56,"column":null}},"29":{"start":{"line":56,"column":38},"end":{"line":56,"column":57}},"30":{"start":{"line":59,"column":2},"end":{"line":70,"column":null}}},"fnMap":{"0":{"name":"usePokemon","decl":{"start":{"line":7,"column":16},"end":{"line":7,"column":29}},"loc":{"start":{"line":7,"column":29},"end":{"line":71,"column":null}},"line":7},"1":{"name":"(anonymous_1)","decl":{"start":{"line":15,"column":36},"end":{"line":15,"column":42}},"loc":{"start":{"line":15,"column":42},"end":{"line":27,"column":3}},"line":15},"2":{"name":"(anonymous_2)","decl":{"start":{"line":16,"column":33},"end":{"line":16,"column":34}},"loc":{"start":{"line":16,"column":46},"end":{"line":26,"column":5}},"line":16},"3":{"name":"(anonymous_3)","decl":{"start":{"line":23,"column":28},"end":{"line":23,"column":29}},"loc":{"start":{"line":23,"column":38},"end":{"line":23,"column":70}},"line":23},"4":{"name":"(anonymous_4)","decl":{"start":{"line":30,"column":40},"end":{"line":30,"column":46}},"loc":{"start":{"line":30,"column":46},"end":{"line":44,"column":3}},"line":30},"5":{"name":"(anonymous_5)","decl":{"start":{"line":33,"column":35},"end":{"line":33,"column":36}},"loc":{"start":{"line":33,"column":48},"end":{"line":39,"column":5}},"line":33},"6":{"name":"(anonymous_6)","decl":{"start":{"line":42,"column":12},"end":{"line":42,"column":13}},"loc":{"start":{"line":42,"column":26},"end":{"line":42,"column":31}},"line":42},"7":{"name":"(anonymous_7)","decl":{"start":{"line":43,"column":11},"end":{"line":43,"column":12}},"loc":{"start":{"line":43,"column":40},"end":{"line":43,"column":65}},"line":43},"8":{"name":"(anonymous_8)","decl":{"start":{"line":47,"column":28},"end":{"line":47,"column":34}},"loc":{"start":{"line":47,"column":34},"end":{"line":53,"column":3}},"line":47},"9":{"name":"(anonymous_9)","decl":{"start":{"line":49,"column":27},"end":{"line":49,"column":28}},"loc":{"start":{"line":49,"column":40},"end":{"line":51,"column":5}},"line":49},"10":{"name":"(anonymous_10)","decl":{"start":{"line":50,"column":29},"end":{"line":50,"column":30}},"loc":{"start":{"line":50,"column":39},"end":{"line":50,"column":59}},"line":50},"11":{"name":"(anonymous_11)","decl":{"start":{"line":55,"column":25},"end":{"line":55,"column":26}},"loc":{"start":{"line":55,"column":62},"end":{"line":57,"column":null}},"line":55},"12":{"name":"(anonymous_12)","decl":{"start":{"line":56,"column":31},"end":{"line":56,"column":32}},"loc":{"start":{"line":56,"column":38},"end":{"line":56,"column":57}},"line":56}},"branchMap":{"0":{"loc":{"start":{"line":22,"column":8},"end":{"line":23,"column":null}},"type":"binary-expr","locations":[{"start":{"line":22,"column":8},"end":{"line":22,"column":null}},{"start":{"line":23,"column":8},"end":{"line":23,"column":null}}],"line":22},"1":{"loc":{"start":{"line":25,"column":13},"end":{"line":25,"column":null}},"type":"binary-expr","locations":[{"start":{"line":25,"column":13},"end":{"line":25,"column":30}},{"start":{"line":25,"column":30},"end":{"line":25,"column":null}}],"line":25},"2":{"loc":{"start":{"line":35,"column":6},"end":{"line":37,"column":null}},"type":"if","locations":[{"start":{"line":35,"column":6},"end":{"line":37,"column":null}},{"start":{},"end":{}}],"line":35}},"s":{"0":19,"1":19,"2":19,"3":19,"4":19,"5":19,"6":11,"7":11286,"8":11286,"9":3042,"10":11286,"11":19,"12":3,"13":3,"14":2053,"15":2053,"16":19,"17":2053,"18":3,"19":16,"20":19,"21":19,"22":2,"23":2,"24":2052,"25":3100,"26":2,"27":19,"28":2,"29":1028,"30":19},"f":{"0":19,"1":11,"2":11286,"3":3042,"4":3,"5":2053,"6":16,"7":19,"8":2,"9":2052,"10":3100,"11":2,"12":1028},"b":{"0":[11286,2052],"1":[11286,5148],"2":[19,2034]},"meta":{"lastBranch":3,"lastFunction":13,"lastStatement":31,"seen":{"f:7:16:7:29":0,"s:8:8:8:Infinity":0,"s:9:8:9:Infinity":1,"s:10:8:10:Infinity":2,"s:11:8:11:Infinity":3,"s:12:8:12:Infinity":4,"s:15:8:27:Infinity":5,"f:15:36:15:42":1,"s:16:4:26:Infinity":6,"f:16:33:16:34":2,"s:17:28:19:Infinity":7,"s:22:8:23:Infinity":8,"b:22:8:22:Infinity:23:8:23:Infinity":0,"f:23:28:23:29":3,"s:23:38:23:70":9,"s:25:6:25:Infinity":10,"b:25:13:25:30:25:30:25:Infinity":1,"s:30:8:44:Infinity":11,"f:30:40:30:46":4,"s:31:20:31:Infinity":12,"s:33:4:39:Infinity":13,"f:33:35:33:36":5,"s:34:18:34:Infinity":14,"b:35:6:37:Infinity:undefined:undefined:undefined:undefined":2,"s:35:6:37:Infinity":15,"s:36:8:36:Infinity":16,"s:38:6:38:Infinity":17,"s:41:4:43:Infinity":18,"f:42:12:42:13":6,"s:42:26:42:31":19,"f:43:11:43:12":7,"s:43:40:43:65":20,"s:47:8:53:Infinity":21,"f:47:28:47:34":8,"s:48:18:48:Infinity":22,"s:49:4:51:Infinity":23,"f:49:27:49:28":9,"s:50:6:50:Infinity":24,"f:50:29:50:30":10,"s:50:39:50:59":25,"s:52:4:52:Infinity":26,"s:55:25:57:Infinity":27,"f:55:25:55:26":11,"s:56:4:56:Infinity":28,"f:56:31:56:32":12,"s:56:38:56:57":29,"s:59:2:70:Infinity":30}}}
,"/home/hecko/projects/Sandbox/Pokedex/pokedex-vue/src/composables/useTeams.ts": {"path":"/home/hecko/projects/Sandbox/Pokedex/pokedex-vue/src/composables/useTeams.ts","statementMap":{"0":{"start":{"line":6,"column":29},"end":{"line":6,"column":null}},"1":{"start":{"line":7,"column":27},"end":{"line":7,"column":null}},"2":{"start":{"line":34,"column":6},"end":{"line":34,"column":null}},"3":{"start":{"line":35,"column":6},"end":{"line":35,"column":null}},"4":{"start":{"line":36,"column":6},"end":{"line":36,"column":null}},"5":{"start":{"line":37,"column":6},"end":{"line":37,"column":null}},"6":{"start":{"line":40,"column":29},"end":{"line":54,"column":null}},"7":{"start":{"line":41,"column":15},"end":{"line":41,"column":null}},"8":{"start":{"line":42,"column":2},"end":{"line":53,"column":null}},"9":{"start":{"line":43,"column":10},"end":{"line":43,"column":null}},"10":{"start":{"line":44,"column":4},"end":{"line":50,"column":null}},"11":{"start":{"line":45,"column":21},"end":{"line":45,"column":null}},"12":{"start":{"line":46,"column":26},"end":{"line":46,"column":null}},"13":{"start":{"line":47,"column":6},"end":{"line":47,"column":null}},"14":{"start":{"line":49,"column":6},"end":{"line":49,"column":null}},"15":{"start":{"line":52,"column":4},"end":{"line":52,"column":null}},"16":{"start":{"line":57,"column":27},"end":{"line":69,"column":null}},"17":{"start":{"line":58,"column":15},"end":{"line":58,"column":null}},"18":{"start":{"line":59,"column":2},"end":{"line":68,"column":null}},"19":{"start":{"line":60,"column":10},"end":{"line":60,"column":null}},"20":{"start":{"line":61,"column":4},"end":{"line":67,"column":null}},"21":{"start":{"line":62,"column":21},"end":{"line":62,"column":null}},"22":{"start":{"line":63,"column":12},"end":{"line":63,"column":null}},"23":{"start":{"line":64,"column":6},"end":{"line":66,"column":null}},"24":{"start":{"line":65,"column":8},"end":{"line":65,"column":null}},"25":{"start":{"line":72,"column":0},"end":{"line":72,"column":null}},"26":{"start":{"line":76,"column":30},"end":{"line":89,"column":null}},"27":{"start":{"line":77,"column":17},"end":{"line":77,"column":null}},"28":{"start":{"line":78,"column":4},"end":{"line":78,"column":null}},"29":{"start":{"line":78,"column":15},"end":{"line":78,"column":null}},"30":{"start":{"line":80,"column":10},"end":{"line":80,"column":null}},"31":{"start":{"line":81,"column":4},"end":{"line":81,"column":null}},"32":{"start":{"line":81,"column":19},"end":{"line":81,"column":null}},"33":{"start":{"line":83,"column":19},"end":{"line":83,"column":null}},"34":{"start":{"line":84,"column":16},"end":{"line":84,"column":null}},"35":{"start":{"line":86,"column":4},"end":{"line":88,"column":null}},"36":{"start":{"line":87,"column":6},"end":{"line":87,"column":null}},"37":{"start":{"line":91,"column":2},"end":{"line":93,"column":null}},"38":{"start":{"line":92,"column":4},"end":{"line":92,"column":null}},"39":{"start":{"line":95,"column":2},"end":{"line":97,"column":null}},"40":{"start":{"line":96,"column":4},"end":{"line":96,"column":null}},"41":{"start":{"line":99,"column":21},"end":{"line":111,"column":null}},"42":{"start":{"line":100,"column":4},"end":{"line":100,"column":null}},"43":{"start":{"line":101,"column":4},"end":{"line":101,"column":null}},"44":{"start":{"line":102,"column":4},"end":{"line":110,"column":null}},"45":{"start":{"line":103,"column":6},"end":{"line":103,"column":null}},"46":{"start":{"line":104,"column":6},"end":{"line":104,"column":null}},"47":{"start":{"line":106,"column":6},"end":{"line":106,"column":null}},"48":{"start":{"line":107,"column":6},"end":{"line":107,"column":null}},"49":{"start":{"line":109,"column":6},"end":{"line":109,"column":null}},"50":{"start":{"line":113,"column":20},"end":{"line":129,"column":null}},"51":{"start":{"line":114,"column":4},"end":{"line":114,"column":null}},"52":{"start":{"line":115,"column":4},"end":{"line":115,"column":null}},"53":{"start":{"line":116,"column":4},"end":{"line":128,"column":null}},"54":{"start":{"line":117,"column":19},"end":{"line":117,"column":null}},"55":{"start":{"line":117,"column":43},"end":{"line":117,"column":58}},"56":{"start":{"line":118,"column":6},"end":{"line":120,"column":null}},"57":{"start":{"line":119,"column":8},"end":{"line":119,"column":null}},"58":{"start":{"line":121,"column":6},"end":{"line":121,"column":null}},"59":{"start":{"line":122,"column":6},"end":{"line":122,"column":null}},"60":{"start":{"line":124,"column":6},"end":{"line":124,"column":null}},"61":{"start":{"line":125,"column":6},"end":{"line":125,"column":null}},"62":{"start":{"line":127,"column":6},"end":{"line":127,"column":null}},"63":{"start":{"line":131,"column":21},"end":{"line":164,"column":null}},"64":{"start":{"line":132,"column":4},"end":{"line":132,"column":null}},"65":{"start":{"line":133,"column":4},"end":{"line":133,"column":null}},"66":{"start":{"line":134,"column":4},"end":{"line":163,"column":null}},"67":{"start":{"line":135,"column":19},"end":{"line":135,"column":null}},"68":{"start":{"line":136,"column":6},"end":{"line":138,"column":null}},"69":{"start":{"line":137,"column":8},"end":{"line":137,"column":null}},"70":{"start":{"line":140,"column":12},"end":{"line":140,"column":null}},"71":{"start":{"line":141,"column":6},"end":{"line":143,"column":null}},"72":{"start":{"line":142,"column":8},"end":{"line":142,"column":null}},"73":{"start":{"line":145,"column":21},"end":{"line":145,"column":null}},"74":{"start":{"line":146,"column":25},"end":{"line":153,"column":null}},"75":{"start":{"line":155,"column":6},"end":{"line":155,"column":null}},"76":{"start":{"line":156,"column":6},"end":{"line":156,"column":null}},"77":{"start":{"line":157,"column":6},"end":{"line":157,"column":null}},"78":{"start":{"line":159,"column":6},"end":{"line":159,"column":null}},"79":{"start":{"line":160,"column":6},"end":{"line":160,"column":null}},"80":{"start":{"line":162,"column":6},"end":{"line":162,"column":null}},"81":{"start":{"line":166,"column":21},"end":{"line":182,"column":null}},"82":{"start":{"line":167,"column":4},"end":{"line":167,"column":null}},"83":{"start":{"line":168,"column":4},"end":{"line":168,"column":null}},"84":{"start":{"line":169,"column":4},"end":{"line":181,"column":null}},"85":{"start":{"line":170,"column":6},"end":{"line":170,"column":null}},"86":{"start":{"line":170,"column":46},"end":{"line":170,"column":61}},"87":{"start":{"line":171,"column":6},"end":{"line":173,"column":null}},"88":{"start":{"line":172,"column":8},"end":{"line":172,"column":null}},"89":{"start":{"line":174,"column":6},"end":{"line":174,"column":null}},"90":{"start":{"line":175,"column":6},"end":{"line":175,"column":null}},"91":{"start":{"line":177,"column":6},"end":{"line":177,"column":null}},"92":{"start":{"line":178,"column":6},"end":{"line":178,"column":null}},"93":{"start":{"line":180,"column":6},"end":{"line":180,"column":null}},"94":{"start":{"line":184,"column":27},"end":{"line":229,"column":null}},"95":{"start":{"line":191,"column":4},"end":{"line":191,"column":null}},"96":{"start":{"line":192,"column":4},"end":{"line":192,"column":null}},"97":{"start":{"line":193,"column":4},"end":{"line":228,"column":null}},"98":{"start":{"line":194,"column":35},"end":{"line":202,"column":null}},"99":{"start":{"line":205,"column":6},"end":{"line":210,"column":null}},"100":{"start":{"line":206,"column":8},"end":{"line":208,"column":null}},"101":{"start":{"line":207,"column":10},"end":{"line":207,"column":null}},"102":{"start":{"line":209,"column":8},"end":{"line":209,"column":null}},"103":{"start":{"line":213,"column":24},"end":{"line":213,"column":null}},"104":{"start":{"line":213,"column":53},"end":{"line":213,"column":68}},"105":{"start":{"line":214,"column":6},"end":{"line":219,"column":null}},"106":{"start":{"line":215,"column":8},"end":{"line":217,"column":null}},"107":{"start":{"line":216,"column":10},"end":{"line":216,"column":null}},"108":{"start":{"line":218,"column":8},"end":{"line":218,"column":null}},"109":{"start":{"line":221,"column":6},"end":{"line":221,"column":null}},"110":{"start":{"line":222,"column":6},"end":{"line":222,"column":null}},"111":{"start":{"line":224,"column":6},"end":{"line":224,"column":null}},"112":{"start":{"line":225,"column":6},"end":{"line":225,"column":null}},"113":{"start":{"line":227,"column":6},"end":{"line":227,"column":null}},"114":{"start":{"line":231,"column":32},"end":{"line":258,"column":null}},"115":{"start":{"line":232,"column":4},"end":{"line":232,"column":null}},"116":{"start":{"line":233,"column":4},"end":{"line":233,"column":null}},"117":{"start":{"line":234,"column":4},"end":{"line":257,"column":null}},"118":{"start":{"line":236,"column":6},"end":{"line":240,"column":null}},"119":{"start":{"line":237,"column":8},"end":{"line":239,"column":null}},"120":{"start":{"line":238,"column":17},"end":{"line":238,"column":null}},"121":{"start":{"line":243,"column":24},"end":{"line":243,"column":null}},"122":{"start":{"line":243,"column":53},"end":{"line":243,"column":68}},"123":{"start":{"line":244,"column":6},"end":{"line":248,"column":null}},"124":{"start":{"line":245,"column":8},"end":{"line":247,"column":null}},"125":{"start":{"line":247,"column":34},"end":{"line":247,"column":52}},"126":{"start":{"line":250,"column":6},"end":{"line":250,"column":null}},"127":{"start":{"line":251,"column":6},"end":{"line":251,"column":null}},"128":{"start":{"line":253,"column":6},"end":{"line":253,"column":null}},"129":{"start":{"line":254,"column":6},"end":{"line":254,"column":null}},"130":{"start":{"line":256,"column":6},"end":{"line":256,"column":null}},"131":{"start":{"line":260,"column":24},"end":{"line":264,"column":null}},"132":{"start":{"line":261,"column":17},"end":{"line":261,"column":null}},"133":{"start":{"line":261,"column":41},"end":{"line":261,"column":56}},"134":{"start":{"line":262,"column":4},"end":{"line":262,"column":null}},"135":{"start":{"line":262,"column":33},"end":{"line":262,"column":null}},"136":{"start":{"line":263,"column":4},"end":{"line":263,"column":null}},"137":{"start":{"line":266,"column":24},"end":{"line":268,"column":null}},"138":{"start":{"line":267,"column":4},"end":{"line":267,"column":null}},"139":{"start":{"line":270,"column":2},"end":{"line":283,"column":null}}},"fnMap":{"0":{"name":"(anonymous_0)","decl":{"start":{"line":40,"column":29},"end":{"line":40,"column":35}},"loc":{"start":{"line":40,"column":35},"end":{"line":54,"column":null}},"line":40},"1":{"name":"(anonymous_1)","decl":{"start":{"line":57,"column":27},"end":{"line":57,"column":33}},"loc":{"start":{"line":57,"column":33},"end":{"line":69,"column":null}},"line":57},"2":{"name":"useTeams","decl":{"start":{"line":74,"column":16},"end":{"line":74,"column":27}},"loc":{"start":{"line":74,"column":27},"end":{"line":284,"column":null}},"line":74},"3":{"name":"(anonymous_3)","decl":{"start":{"line":76,"column":30},"end":{"line":76,"column":31}},"loc":{"start":{"line":76,"column":55},"end":{"line":89,"column":null}},"line":76},"4":{"name":"(anonymous_4)","decl":{"start":{"line":91,"column":12},"end":{"line":91,"column":18}},"loc":{"start":{"line":91,"column":18},"end":{"line":93,"column":3}},"line":91},"5":{"name":"(anonymous_5)","decl":{"start":{"line":95,"column":14},"end":{"line":95,"column":20}},"loc":{"start":{"line":95,"column":20},"end":{"line":97,"column":3}},"line":95},"6":{"name":"(anonymous_6)","decl":{"start":{"line":99,"column":21},"end":{"line":99,"column":33}},"loc":{"start":{"line":99,"column":33},"end":{"line":111,"column":null}},"line":99},"7":{"name":"(anonymous_7)","decl":{"start":{"line":113,"column":20},"end":{"line":113,"column":27}},"loc":{"start":{"line":113,"column":46},"end":{"line":129,"column":null}},"line":113},"8":{"name":"(anonymous_8)","decl":{"start":{"line":117,"column":36},"end":{"line":117,"column":37}},"loc":{"start":{"line":117,"column":43},"end":{"line":117,"column":58}},"line":117},"9":{"name":"(anonymous_9)","decl":{"start":{"line":131,"column":21},"end":{"line":131,"column":28}},"loc":{"start":{"line":131,"column":45},"end":{"line":164,"column":null}},"line":131},"10":{"name":"(anonymous_10)","decl":{"start":{"line":166,"column":21},"end":{"line":166,"column":28}},"loc":{"start":{"line":166,"column":47},"end":{"line":182,"column":null}},"line":166},"11":{"name":"(anonymous_11)","decl":{"start":{"line":170,"column":39},"end":{"line":170,"column":40}},"loc":{"start":{"line":170,"column":46},"end":{"line":170,"column":61}},"line":170},"12":{"name":"(anonymous_12)","decl":{"start":{"line":184,"column":27},"end":{"line":184,"column":null}},"loc":{"start":{"line":190,"column":7},"end":{"line":229,"column":null}},"line":190},"13":{"name":"(anonymous_13)","decl":{"start":{"line":213,"column":46},"end":{"line":213,"column":47}},"loc":{"start":{"line":213,"column":53},"end":{"line":213,"column":68}},"line":213},"14":{"name":"(anonymous_14)","decl":{"start":{"line":231,"column":32},"end":{"line":231,"column":39}},"loc":{"start":{"line":231,"column":77},"end":{"line":258,"column":null}},"line":231},"15":{"name":"(anonymous_15)","decl":{"start":{"line":238,"column":10},"end":{"line":238,"column":11}},"loc":{"start":{"line":238,"column":17},"end":{"line":238,"column":null}},"line":238},"16":{"name":"(anonymous_16)","decl":{"start":{"line":243,"column":46},"end":{"line":243,"column":47}},"loc":{"start":{"line":243,"column":53},"end":{"line":243,"column":68}},"line":243},"17":{"name":"(anonymous_17)","decl":{"start":{"line":247,"column":27},"end":{"line":247,"column":28}},"loc":{"start":{"line":247,"column":34},"end":{"line":247,"column":52}},"line":247},"18":{"name":"(anonymous_18)","decl":{"start":{"line":260,"column":24},"end":{"line":260,"column":25}},"loc":{"start":{"line":260,"column":44},"end":{"line":264,"column":null}},"line":260},"19":{"name":"(anonymous_19)","decl":{"start":{"line":261,"column":34},"end":{"line":261,"column":35}},"loc":{"start":{"line":261,"column":41},"end":{"line":261,"column":56}},"line":261},"20":{"name":"(anonymous_20)","decl":{"start":{"line":266,"column":24},"end":{"line":266,"column":30}},"loc":{"start":{"line":266,"column":30},"end":{"line":268,"column":null}},"line":266}},"branchMap":{"0":{"loc":{"start":{"line":42,"column":2},"end":{"line":53,"column":null}},"type":"if","locations":[{"start":{"line":42,"column":2},"end":{"line":53,"column":null}},{"start":{"line":51,"column":9},"end":{"line":53,"column":null}}],"line":42},"1":{"loc":{"start":{"line":44,"column":4},"end":{"line":50,"column":null}},"type":"if","locations":[{"start":{"line":44,"column":4},"end":{"line":50,"column":null}},{"start":{"line":48,"column":11},"end":{"line":50,"column":null}}],"line":44},"2":{"loc":{"start":{"line":59,"column":2},"end":{"line":68,"column":null}},"type":"if","locations":[{"start":{"line":59,"column":2},"end":{"line":68,"column":null}},{"start":{},"end":{}}],"line":59},"3":{"loc":{"start":{"line":61,"column":4},"end":{"line":67,"column":null}},"type":"if","locations":[{"start":{"line":61,"column":4},"end":{"line":67,"column":null}},{"start":{},"end":{}}],"line":61},"4":{"loc":{"start":{"line":64,"column":6},"end":{"line":66,"column":null}},"type":"if","locations":[{"start":{"line":64,"column":6},"end":{"line":66,"column":null}},{"start":{},"end":{}}],"line":64},"5":{"loc":{"start":{"line":78,"column":4},"end":{"line":78,"column":null}},"type":"if","locations":[{"start":{"line":78,"column":4},"end":{"line":78,"column":null}},{"start":{},"end":{}}],"line":78},"6":{"loc":{"start":{"line":81,"column":4},"end":{"line":81,"column":null}},"type":"if","locations":[{"start":{"line":81,"column":4},"end":{"line":81,"column":null}},{"start":{},"end":{}}],"line":81},"7":{"loc":{"start":{"line":86,"column":4},"end":{"line":88,"column":null}},"type":"if","locations":[{"start":{"line":86,"column":4},"end":{"line":88,"column":null}},{"start":{},"end":{}}],"line":86},"8":{"loc":{"start":{"line":86,"column":8},"end":{"line":86,"column":45}},"type":"binary-expr","locations":[{"start":{"line":86,"column":8},"end":{"line":86,"column":29}},{"start":{"line":86,"column":29},"end":{"line":86,"column":45}}],"line":86},"9":{"loc":{"start":{"line":118,"column":6},"end":{"line":120,"column":null}},"type":"if","locations":[{"start":{"line":118,"column":6},"end":{"line":120,"column":null}},{"start":{},"end":{}}],"line":118},"10":{"loc":{"start":{"line":124,"column":20},"end":{"line":124,"column":null}},"type":"binary-expr","locations":[{"start":{"line":124,"column":20},"end":{"line":124,"column":35}},{"start":{"line":124,"column":35},"end":{"line":124,"column":null}}],"line":124},"11":{"loc":{"start":{"line":136,"column":6},"end":{"line":138,"column":null}},"type":"if","locations":[{"start":{"line":136,"column":6},"end":{"line":138,"column":null}},{"start":{},"end":{}}],"line":136},"12":{"loc":{"start":{"line":141,"column":6},"end":{"line":143,"column":null}},"type":"if","locations":[{"start":{"line":141,"column":6},"end":{"line":143,"column":null}},{"start":{},"end":{}}],"line":141},"13":{"loc":{"start":{"line":159,"column":20},"end":{"line":159,"column":null}},"type":"binary-expr","locations":[{"start":{"line":159,"column":20},"end":{"line":159,"column":35}},{"start":{"line":159,"column":35},"end":{"line":159,"column":null}}],"line":159},"14":{"loc":{"start":{"line":171,"column":6},"end":{"line":173,"column":null}},"type":"if","locations":[{"start":{"line":171,"column":6},"end":{"line":173,"column":null}},{"start":{},"end":{}}],"line":171},"15":{"loc":{"start":{"line":177,"column":20},"end":{"line":177,"column":null}},"type":"binary-expr","locations":[{"start":{"line":177,"column":20},"end":{"line":177,"column":35}},{"start":{"line":177,"column":35},"end":{"line":177,"column":null}}],"line":177},"16":{"loc":{"start":{"line":200,"column":18},"end":{"line":200,"column":null}},"type":"cond-expr","locations":[{"start":{"line":200,"column":18},"end":{"line":200,"column":55}},{"start":{"line":200,"column":55},"end":{"line":200,"column":null}}],"line":200},"17":{"loc":{"start":{"line":201,"column":18},"end":{"line":201,"column":null}},"type":"binary-expr","locations":[{"start":{"line":201,"column":18},"end":{"line":201,"column":29}},{"start":{"line":201,"column":29},"end":{"line":201,"column":null}}],"line":201},"18":{"loc":{"start":{"line":205,"column":6},"end":{"line":210,"column":null}},"type":"if","locations":[{"start":{"line":205,"column":6},"end":{"line":210,"column":null}},{"start":{},"end":{}}],"line":205},"19":{"loc":{"start":{"line":206,"column":8},"end":{"line":208,"column":null}},"type":"if","locations":[{"start":{"line":206,"column":8},"end":{"line":208,"column":null}},{"start":{},"end":{}}],"line":206},"20":{"loc":{"start":{"line":214,"column":6},"end":{"line":219,"column":null}},"type":"if","locations":[{"start":{"line":214,"column":6},"end":{"line":219,"column":null}},{"start":{},"end":{}}],"line":214},"21":{"loc":{"start":{"line":215,"column":8},"end":{"line":217,"column":null}},"type":"if","locations":[{"start":{"line":215,"column":8},"end":{"line":217,"column":null}},{"start":{},"end":{}}],"line":215},"22":{"loc":{"start":{"line":224,"column":20},"end":{"line":224,"column":null}},"type":"binary-expr","locations":[{"start":{"line":224,"column":20},"end":{"line":224,"column":35}},{"start":{"line":224,"column":35},"end":{"line":224,"column":null}}],"line":224},"23":{"loc":{"start":{"line":236,"column":6},"end":{"line":240,"column":null}},"type":"if","locations":[{"start":{"line":236,"column":6},"end":{"line":240,"column":null}},{"start":{},"end":{}}],"line":236},"24":{"loc":{"start":{"line":236,"column":10},"end":{"line":236,"column":74}},"type":"binary-expr","locations":[{"start":{"line":236,"column":10},"end":{"line":236,"column":46}},{"start":{"line":236,"column":46},"end":{"line":236,"column":74}}],"line":236},"25":{"loc":{"start":{"line":244,"column":6},"end":{"line":248,"column":null}},"type":"if","locations":[{"start":{"line":244,"column":6},"end":{"line":248,"column":null}},{"start":{},"end":{}}],"line":244},"26":{"loc":{"start":{"line":244,"column":10},"end":{"line":244,"column":63}},"type":"binary-expr","locations":[{"start":{"line":244,"column":10},"end":{"line":244,"column":30}},{"start":{"line":244,"column":30},"end":{"line":244,"column":63}}],"line":244},"27":{"loc":{"start":{"line":253,"column":20},"end":{"line":253,"column":null}},"type":"binary-expr","locations":[{"start":{"line":253,"column":20},"end":{"line":253,"column":35}},{"start":{"line":253,"column":35},"end":{"line":253,"column":null}}],"line":253},"28":{"loc":{"start":{"line":262,"column":4},"end":{"line":262,"column":null}},"type":"if","locations":[{"start":{"line":262,"column":4},"end":{"line":262,"column":null}},{"start":{},"end":{}}],"line":262},"29":{"loc":{"start":{"line":262,"column":8},"end":{"line":262,"column":33}},"type":"binary-expr","locations":[{"start":{"line":262,"column":8},"end":{"line":262,"column":17}},{"start":{"line":262,"column":17},"end":{"line":262,"column":33}}],"line":262}},"s":{"0":38,"1":38,"2":38,"3":38,"4":38,"5":38,"6":38,"7":40,"8":40,"9":39,"10":39,"11":39,"12":39,"13":39,"14":0,"15":1,"16":38,"17":65,"18":65,"19":65,"20":65,"21":65,"22":65,"23":65,"24":0,"25":38,"26":35,"27":0,"28":0,"29":0,"30":0,"31":0,"32":0,"33":0,"34":0,"35":0,"36":0,"37":35,"38":0,"39":35,"40":0,"41":35,"42":2,"43":2,"44":2,"45":2,"46":2,"47":0,"48":0,"49":2,"50":35,"51":8,"52":8,"53":8,"54":8,"55":7,"56":8,"57":2,"58":6,"59":6,"60":2,"61":2,"62":8,"63":35,"64":35,"65":35,"66":35,"67":35,"68":35,"69":2,"70":33,"71":33,"72":0,"73":33,"74":33,"75":33,"76":33,"77":33,"78":2,"79":2,"80":35,"81":35,"82":3,"83":3,"84":3,"85":3,"86":3,"87":3,"88":1,"89":3,"90":3,"91":0,"92":0,"93":3,"94":35,"95":26,"96":26,"97":26,"98":26,"99":26,"100":2,"101":0,"102":2,"103":26,"104":26,"105":26,"106":26,"107":0,"108":26,"109":26,"110":26,"111":0,"112":0,"113":26,"114":35,"115":3,"116":3,"117":3,"118":3,"119":1,"120":2,"121":3,"122":3,"123":3,"124":3,"125":4,"126":3,"127":3,"128":0,"129":0,"130":3,"131":35,"132":3,"133":3,"134":3,"135":0,"136":3,"137":35,"138":3,"139":35},"f":{"0":40,"1":65,"2":35,"3":0,"4":0,"5":0,"6":2,"7":8,"8":7,"9":35,"10":3,"11":3,"12":26,"13":26,"14":3,"15":2,"16":3,"17":4,"18":3,"19":3,"20":3},"b":{"0":[39,1],"1":[39,0],"2":[65,0],"3":[65,0],"4":[0,65],"5":[0,0],"6":[0,0],"7":[0,0],"8":[0,0],"9":[2,6],"10":[2,0],"11":[2,33],"12":[0,33],"13":[2,0],"14":[1,2],"15":[0,0],"16":[1,25],"17":[26,25],"18":[2,24],"19":[0,2],"20":[26,0],"21":[0,26],"22":[0,0],"23":[1,2],"24":[3,1],"25":[3,0],"26":[3,3],"27":[0,0],"28":[0,3],"29":[3,3]},"meta":{"lastBranch":30,"lastFunction":21,"lastStatement":140,"seen":{"s:6:29:6:Infinity":0,"s:7:27:7:Infinity":1,"s:34:6:34:Infinity":2,"s:35:6:35:Infinity":3,"s:36:6:36:Infinity":4,"s:37:6:37:Infinity":5,"s:40:29:54:Infinity":6,"f:40:29:40:35":0,"s:41:15:41:Infinity":7,"b:42:2:53:Infinity:51:9:53:Infinity":0,"s:42:2:53:Infinity":8,"s:43:10:43:Infinity":9,"b:44:4:50:Infinity:48:11:50:Infinity":1,"s:44:4:50:Infinity":10,"s:45:21:45:Infinity":11,"s:46:26:46:Infinity":12,"s:47:6:47:Infinity":13,"s:49:6:49:Infinity":14,"s:52:4:52:Infinity":15,"s:57:27:69:Infinity":16,"f:57:27:57:33":1,"s:58:15:58:Infinity":17,"b:59:2:68:Infinity:undefined:undefined:undefined:undefined":2,"s:59:2:68:Infinity":18,"s:60:10:60:Infinity":19,"b:61:4:67:Infinity:undefined:undefined:undefined:undefined":3,"s:61:4:67:Infinity":20,"s:62:21:62:Infinity":21,"s:63:12:63:Infinity":22,"b:64:6:66:Infinity:undefined:undefined:undefined:undefined":4,"s:64:6:66:Infinity":23,"s:65:8:65:Infinity":24,"s:72:0:72:Infinity":25,"f:74:16:74:27":2,"s:76:30:89:Infinity":26,"f:76:30:76:31":3,"s:77:17:77:Infinity":27,"b:78:4:78:Infinity:undefined:undefined:undefined:undefined":5,"s:78:4:78:Infinity":28,"s:78:15:78:Infinity":29,"s:80:10:80:Infinity":30,"b:81:4:81:Infinity:undefined:undefined:undefined:undefined":6,"s:81:4:81:Infinity":31,"s:81:19:81:Infinity":32,"s:83:19:83:Infinity":33,"s:84:16:84:Infinity":34,"b:86:4:88:Infinity:undefined:undefined:undefined:undefined":7,"s:86:4:88:Infinity":35,"b:86:8:86:29:86:29:86:45":8,"s:87:6:87:Infinity":36,"s:91:2:93:Infinity":37,"f:91:12:91:18":4,"s:92:4:92:Infinity":38,"s:95:2:97:Infinity":39,"f:95:14:95:20":5,"s:96:4:96:Infinity":40,"s:99:21:111:Infinity":41,"f:99:21:99:33":6,"s:100:4:100:Infinity":42,"s:101:4:101:Infinity":43,"s:102:4:110:Infinity":44,"s:103:6:103:Infinity":45,"s:104:6:104:Infinity":46,"s:106:6:106:Infinity":47,"s:107:6:107:Infinity":48,"s:109:6:109:Infinity":49,"s:113:20:129:Infinity":50,"f:113:20:113:27":7,"s:114:4:114:Infinity":51,"s:115:4:115:Infinity":52,"s:116:4:128:Infinity":53,"s:117:19:117:Infinity":54,"f:117:36:117:37":8,"s:117:43:117:58":55,"b:118:6:120:Infinity:undefined:undefined:undefined:undefined":9,"s:118:6:120:Infinity":56,"s:119:8:119:Infinity":57,"s:121:6:121:Infinity":58,"s:122:6:122:Infinity":59,"s:124:6:124:Infinity":60,"b:124:20:124:35:124:35:124:Infinity":10,"s:125:6:125:Infinity":61,"s:127:6:127:Infinity":62,"s:131:21:164:Infinity":63,"f:131:21:131:28":9,"s:132:4:132:Infinity":64,"s:133:4:133:Infinity":65,"s:134:4:163:Infinity":66,"s:135:19:135:Infinity":67,"b:136:6:138:Infinity:undefined:undefined:undefined:undefined":11,"s:136:6:138:Infinity":68,"s:137:8:137:Infinity":69,"s:140:12:140:Infinity":70,"b:141:6:143:Infinity:undefined:undefined:undefined:undefined":12,"s:141:6:143:Infinity":71,"s:142:8:142:Infinity":72,"s:145:21:145:Infinity":73,"s:146:25:153:Infinity":74,"s:155:6:155:Infinity":75,"s:156:6:156:Infinity":76,"s:157:6:157:Infinity":77,"s:159:6:159:Infinity":78,"b:159:20:159:35:159:35:159:Infinity":13,"s:160:6:160:Infinity":79,"s:162:6:162:Infinity":80,"s:166:21:182:Infinity":81,"f:166:21:166:28":10,"s:167:4:167:Infinity":82,"s:168:4:168:Infinity":83,"s:169:4:181:Infinity":84,"s:170:6:170:Infinity":85,"f:170:39:170:40":11,"s:170:46:170:61":86,"b:171:6:173:Infinity:undefined:undefined:undefined:undefined":14,"s:171:6:173:Infinity":87,"s:172:8:172:Infinity":88,"s:174:6:174:Infinity":89,"s:175:6:175:Infinity":90,"s:177:6:177:Infinity":91,"b:177:20:177:35:177:35:177:Infinity":15,"s:178:6:178:Infinity":92,"s:180:6:180:Infinity":93,"s:184:27:229:Infinity":94,"f:184:27:184:Infinity":12,"s:191:4:191:Infinity":95,"s:192:4:192:Infinity":96,"s:193:4:228:Infinity":97,"s:194:35:202:Infinity":98,"b:200:18:200:55:200:55:200:Infinity":16,"b:201:18:201:29:201:29:201:Infinity":17,"b:205:6:210:Infinity:undefined:undefined:undefined:undefined":18,"s:205:6:210:Infinity":99,"b:206:8:208:Infinity:undefined:undefined:undefined:undefined":19,"s:206:8:208:Infinity":100,"s:207:10:207:Infinity":101,"s:209:8:209:Infinity":102,"s:213:24:213:Infinity":103,"f:213:46:213:47":13,"s:213:53:213:68":104,"b:214:6:219:Infinity:undefined:undefined:undefined:undefined":20,"s:214:6:219:Infinity":105,"b:215:8:217:Infinity:undefined:undefined:undefined:undefined":21,"s:215:8:217:Infinity":106,"s:216:10:216:Infinity":107,"s:218:8:218:Infinity":108,"s:221:6:221:Infinity":109,"s:222:6:222:Infinity":110,"s:224:6:224:Infinity":111,"b:224:20:224:35:224:35:224:Infinity":22,"s:225:6:225:Infinity":112,"s:227:6:227:Infinity":113,"s:231:32:258:Infinity":114,"f:231:32:231:39":14,"s:232:4:232:Infinity":115,"s:233:4:233:Infinity":116,"s:234:4:257:Infinity":117,"b:236:6:240:Infinity:undefined:undefined:undefined:undefined":23,"s:236:6:240:Infinity":118,"b:236:10:236:46:236:46:236:74":24,"s:237:8:239:Infinity":119,"f:238:10:238:11":15,"s:238:17:238:Infinity":120,"s:243:24:243:Infinity":121,"f:243:46:243:47":16,"s:243:53:243:68":122,"b:244:6:248:Infinity:undefined:undefined:undefined:undefined":25,"s:244:6:248:Infinity":123,"b:244:10:244:30:244:30:244:63":26,"s:245:8:247:Infinity":124,"f:247:27:247:28":17,"s:247:34:247:52":125,"s:250:6:250:Infinity":126,"s:251:6:251:Infinity":127,"s:253:6:253:Infinity":128,"b:253:20:253:35:253:35:253:Infinity":27,"s:254:6:254:Infinity":129,"s:256:6:256:Infinity":130,"s:260:24:264:Infinity":131,"f:260:24:260:25":18,"s:261:17:261:Infinity":132,"f:261:34:261:35":19,"s:261:41:261:56":133,"b:262:4:262:Infinity:undefined:undefined:undefined:undefined":28,"s:262:4:262:Infinity":134,"b:262:8:262:17:262:17:262:33":29,"s:262:33:262:Infinity":135,"s:263:4:263:Infinity":136,"s:266:24:268:Infinity":137,"f:266:24:266:30":20,"s:267:4:267:Infinity":138,"s:270:2:283:Infinity":139}}}
,"/home/hecko/projects/Sandbox/Pokedex/pokedex-vue/src/composables/useTranslation.ts": {"path":"/home/hecko/projects/Sandbox/Pokedex/pokedex-vue/src/composables/useTranslation.ts","statementMap":{"0":{"start":{"line":32,"column":53},"end":{"line":36,"column":null}},"1":{"start":{"line":39,"column":6},"end":{"line":39,"column":null}},"2":{"start":{"line":47,"column":12},"end":{"line":63,"column":null}},"3":{"start":{"line":48,"column":17},"end":{"line":48,"column":null}},"4":{"start":{"line":49,"column":21},"end":{"line":49,"column":null}},"5":{"start":{"line":51,"column":4},"end":{"line":60,"column":null}},"6":{"start":{"line":52,"column":6},"end":{"line":59,"column":null}},"7":{"start":{"line":53,"column":8},"end":{"line":53,"column":null}},"8":{"start":{"line":55,"column":8},"end":{"line":57,"column":null}},"9":{"start":{"line":56,"column":10},"end":{"line":56,"column":null}},"10":{"start":{"line":58,"column":8},"end":{"line":58,"column":null}},"11":{"start":{"line":62,"column":4},"end":{"line":62,"column":null}},"12":{"start":{"line":69,"column":24},"end":{"line":79,"column":null}},"13":{"start":{"line":70,"column":4},"end":{"line":78,"column":null}},"14":{"start":{"line":71,"column":6},"end":{"line":71,"column":null}},"15":{"start":{"line":73,"column":6},"end":{"line":75,"column":null}},"16":{"start":{"line":74,"column":8},"end":{"line":74,"column":null}},"17":{"start":{"line":77,"column":6},"end":{"line":77,"column":null}},"18":{"start":{"line":84,"column":8},"end":{"line":84,"column":null}},"19":{"start":{"line":84,"column":41},"end":{"line":84,"column":57}},"20":{"start":{"line":90,"column":25},"end":{"line":103,"column":null}},"21":{"start":{"line":91,"column":17},"end":{"line":91,"column":null}},"22":{"start":{"line":92,"column":21},"end":{"line":92,"column":null}},"23":{"start":{"line":94,"column":4},"end":{"line":100,"column":null}},"24":{"start":{"line":95,"column":6},"end":{"line":99,"column":null}},"25":{"start":{"line":96,"column":8},"end":{"line":96,"column":null}},"26":{"start":{"line":98,"column":8},"end":{"line":98,"column":null}},"27":{"start":{"line":102,"column":4},"end":{"line":102,"column":null}},"28":{"start":{"line":105,"column":2},"end":{"line":111,"column":null}},"29":{"start":{"line":115,"column":0},"end":{"line":120,"column":null}},"30":{"start":{"line":116,"column":24},"end":{"line":116,"column":null}},"31":{"start":{"line":117,"column":2},"end":{"line":119,"column":null}},"32":{"start":{"line":118,"column":4},"end":{"line":118,"column":null}}},"fnMap":{"0":{"name":"useTranslation","decl":{"start":{"line":41,"column":16},"end":{"line":41,"column":33}},"loc":{"start":{"line":41,"column":33},"end":{"line":112,"column":null}},"line":41},"1":{"name":"(anonymous_1)","decl":{"start":{"line":47,"column":12},"end":{"line":47,"column":13}},"loc":{"start":{"line":47,"column":45},"end":{"line":63,"column":null}},"line":47},"2":{"name":"(anonymous_2)","decl":{"start":{"line":69,"column":24},"end":{"line":69,"column":25}},"loc":{"start":{"line":69,"column":44},"end":{"line":79,"column":null}},"line":69},"3":{"name":"(anonymous_3)","decl":{"start":{"line":84,"column":35},"end":{"line":84,"column":41}},"loc":{"start":{"line":84,"column":41},"end":{"line":84,"column":57}},"line":84},"4":{"name":"(anonymous_4)","decl":{"start":{"line":90,"column":25},"end":{"line":90,"column":26}},"loc":{"start":{"line":90,"column":51},"end":{"line":103,"column":null}},"line":90}},"branchMap":{"0":{"loc":{"start":{"line":52,"column":6},"end":{"line":59,"column":null}},"type":"if","locations":[{"start":{"line":52,"column":6},"end":{"line":59,"column":null}},{"start":{"line":54,"column":13},"end":{"line":59,"column":null}}],"line":52},"1":{"loc":{"start":{"line":52,"column":10},"end":{"line":52,"column":60}},"type":"binary-expr","locations":[{"start":{"line":52,"column":10},"end":{"line":52,"column":19}},{"start":{"line":52,"column":19},"end":{"line":52,"column":48}},{"start":{"line":52,"column":48},"end":{"line":52,"column":60}}],"line":52},"2":{"loc":{"start":{"line":55,"column":8},"end":{"line":57,"column":null}},"type":"if","locations":[{"start":{"line":55,"column":8},"end":{"line":57,"column":null}},{"start":{},"end":{}}],"line":55},"3":{"loc":{"start":{"line":62,"column":11},"end":{"line":62,"column":null}},"type":"cond-expr","locations":[{"start":{"line":62,"column":39},"end":{"line":62,"column":47}},{"start":{"line":62,"column":47},"end":{"line":62,"column":null}}],"line":62},"4":{"loc":{"start":{"line":70,"column":4},"end":{"line":78,"column":null}},"type":"if","locations":[{"start":{"line":70,"column":4},"end":{"line":78,"column":null}},{"start":{"line":76,"column":11},"end":{"line":78,"column":null}}],"line":70},"5":{"loc":{"start":{"line":73,"column":6},"end":{"line":75,"column":null}},"type":"if","locations":[{"start":{"line":73,"column":6},"end":{"line":75,"column":null}},{"start":{},"end":{}}],"line":73},"6":{"loc":{"start":{"line":95,"column":6},"end":{"line":99,"column":null}},"type":"if","locations":[{"start":{"line":95,"column":6},"end":{"line":99,"column":null}},{"start":{"line":97,"column":13},"end":{"line":99,"column":null}}],"line":95},"7":{"loc":{"start":{"line":95,"column":10},"end":{"line":95,"column":60}},"type":"binary-expr","locations":[{"start":{"line":95,"column":10},"end":{"line":95,"column":19}},{"start":{"line":95,"column":19},"end":{"line":95,"column":48}},{"start":{"line":95,"column":48},"end":{"line":95,"column":60}}],"line":95},"8":{"loc":{"start":{"line":115,"column":0},"end":{"line":120,"column":null}},"type":"if","locations":[{"start":{"line":115,"column":0},"end":{"line":120,"column":null}},{"start":{},"end":{}}],"line":115},"9":{"loc":{"start":{"line":117,"column":2},"end":{"line":119,"column":null}},"type":"if","locations":[{"start":{"line":117,"column":2},"end":{"line":119,"column":null}},{"start":{},"end":{}}],"line":117},"10":{"loc":{"start":{"line":117,"column":6},"end":{"line":117,"column":54}},"type":"binary-expr","locations":[{"start":{"line":117,"column":6},"end":{"line":117,"column":23}},{"start":{"line":117,"column":23},"end":{"line":117,"column":54}}],"line":117}},"s":{"0":28,"1":28,"2":28,"3":10,"4":10,"5":10,"6":18,"7":16,"8":2,"9":0,"10":2,"11":8,"12":28,"13":19,"14":18,"15":18,"16":18,"17":1,"18":28,"19":17,"20":28,"21":5,"22":5,"23":5,"24":8,"25":7,"26":1,"27":4,"28":28,"29":28,"30":28,"31":28,"32":2},"f":{"0":28,"1":10,"2":19,"3":17,"4":5},"b":{"0":[16,2],"1":[18,18,18],"2":[0,2],"3":[8,0],"4":[18,1],"5":[18,0],"6":[7,1],"7":[8,8,8],"8":[28,0],"9":[2,26],"10":[28,3]},"meta":{"lastBranch":11,"lastFunction":5,"lastStatement":33,"seen":{"s:32:53:36:Infinity":0,"s:39:6:39:Infinity":1,"f:41:16:41:33":0,"s:47:12:63:Infinity":2,"f:47:12:47:13":1,"s:48:17:48:Infinity":3,"s:49:21:49:Infinity":4,"s:51:4:60:Infinity":5,"b:52:6:59:Infinity:54:13:59:Infinity":0,"s:52:6:59:Infinity":6,"b:52:10:52:19:52:19:52:48:52:48:52:60":1,"s:53:8:53:Infinity":7,"b:55:8:57:Infinity:undefined:undefined:undefined:undefined":2,"s:55:8:57:Infinity":8,"s:56:10:56:Infinity":9,"s:58:8:58:Infinity":10,"s:62:4:62:Infinity":11,"b:62:39:62:47:62:47:62:Infinity":3,"s:69:24:79:Infinity":12,"f:69:24:69:25":2,"b:70:4:78:Infinity:76:11:78:Infinity":4,"s:70:4:78:Infinity":13,"s:71:6:71:Infinity":14,"b:73:6:75:Infinity:undefined:undefined:undefined:undefined":5,"s:73:6:75:Infinity":15,"s:74:8:74:Infinity":16,"s:77:6:77:Infinity":17,"s:84:8:84:Infinity":18,"f:84:35:84:41":3,"s:84:41:84:57":19,"s:90:25:103:Infinity":20,"f:90:25:90:26":4,"s:91:17:91:Infinity":21,"s:92:21:92:Infinity":22,"s:94:4:100:Infinity":23,"b:95:6:99:Infinity:97:13:99:Infinity":6,"s:95:6:99:Infinity":24,"b:95:10:95:19:95:19:95:48:95:48:95:60":7,"s:96:8:96:Infinity":25,"s:98:8:98:Infinity":26,"s:102:4:102:Infinity":27,"s:105:2:111:Infinity":28,"b:115:0:120:Infinity:undefined:undefined:undefined:undefined":8,"s:115:0:120:Infinity":29,"s:116:24:116:Infinity":30,"b:117:2:119:Infinity:undefined:undefined:undefined:undefined":9,"s:117:2:119:Infinity":31,"b:117:6:117:23:117:23:117:54":10,"s:118:4:118:Infinity":32}}}
,"/home/hecko/projects/Sandbox/Pokedex/pokedex-vue/src/data/pokedex.json": {"path":"/home/hecko/projects/Sandbox/Pokedex/pokedex-vue/src/data/pokedex.json","statementMap":{},"fnMap":{},"branchMap":{},"s":{},"f":{},"b":{},"meta":{"lastBranch":0,"lastFunction":0,"lastStatement":0,"seen":{}}}
,"/home/hecko/projects/Sandbox/Pokedex/pokedex-vue/src/locales/en.json": {"path":"/home/hecko/projects/Sandbox/Pokedex/pokedex-vue/src/locales/en.json","statementMap":{},"fnMap":{},"branchMap":{},"s":{},"f":{},"b":{},"meta":{"lastBranch":0,"lastFunction":0,"lastStatement":0,"seen":{}}}
,"/home/hecko/projects/Sandbox/Pokedex/pokedex-vue/src/locales/fr.json": {"path":"/home/hecko/projects/Sandbox/Pokedex/pokedex-vue/src/locales/fr.json","statementMap":{},"fnMap":{},"branchMap":{},"s":{},"f":{},"b":{},"meta":{"lastBranch":0,"lastFunction":0,"lastStatement":0,"seen":{}}}
,"/home/hecko/projects/Sandbox/Pokedex/pokedex-vue/src/locales/jp.json": {"path":"/home/hecko/projects/Sandbox/Pokedex/pokedex-vue/src/locales/jp.json","statementMap":{},"fnMap":{},"branchMap":{},"s":{},"f":{},"b":{},"meta":{"lastBranch":0,"lastFunction":0,"lastStatement":0,"seen":{}}}
,"/home/hecko/projects/Sandbox/Pokedex/pokedex-vue/src/utils/security.ts": {"path":"/home/hecko/projects/Sandbox/Pokedex/pokedex-vue/src/utils/security.ts","statementMap":{"0":{"start":{"line":9,"column":18},"end":{"line":9,"column":null}},"1":{"start":{"line":10,"column":15},"end":{"line":10,"column":null}},"2":{"start":{"line":11,"column":21},"end":{"line":11,"column":null}},"3":{"start":{"line":12,"column":20},"end":{"line":12,"column":null}},"4":{"start":{"line":13,"column":2},"end":{"line":13,"column":null}},"5":{"start":{"line":13,"column":28},"end":{"line":13,"column":59}},"6":{"start":{"line":20,"column":2},"end":{"line":20,"column":null}},"7":{"start":{"line":27,"column":2},"end":{"line":32,"column":null}}},"fnMap":{"0":{"name":"hashPassword","decl":{"start":{"line":8,"column":22},"end":{"line":8,"column":35}},"loc":{"start":{"line":8,"column":84},"end":{"line":14,"column":null}},"line":8},"1":{"name":"(anonymous_1)","decl":{"start":{"line":13,"column":23},"end":{"line":13,"column":28}},"loc":{"start":{"line":13,"column":28},"end":{"line":13,"column":59}},"line":13},"2":{"name":"generateSalt","decl":{"start":{"line":19,"column":16},"end":{"line":19,"column":39}},"loc":{"start":{"line":19,"column":39},"end":{"line":21,"column":null}},"line":19},"3":{"name":"sanitizeInput","decl":{"start":{"line":26,"column":16},"end":{"line":26,"column":30}},"loc":{"start":{"line":26,"column":53},"end":{"line":33,"column":null}},"line":26}},"branchMap":{},"s":{"0":5,"1":5,"2":5,"3":5,"4":5,"5":160,"6":3,"7":3},"f":{"0":5,"1":160,"2":3,"3":3},"b":{},"meta":{"lastBranch":0,"lastFunction":4,"lastStatement":8,"seen":{"f:8:22:8:35":0,"s:9:18:9:Infinity":0,"s:10:15:10:Infinity":1,"s:11:21:11:Infinity":2,"s:12:20:12:Infinity":3,"s:13:2:13:Infinity":4,"f:13:23:13:28":1,"s:13:28:13:59":5,"f:19:16:19:39":2,"s:20:2:20:Infinity":6,"f:26:16:26:30":3,"s:27:2:32:Infinity":7}}}
,"/home/hecko/projects/Sandbox/Pokedex/pokedex-vue/src/utils/storage.ts": {"path":"/home/hecko/projects/Sandbox/Pokedex/pokedex-vue/src/utils/storage.ts","statementMap":{"0":{"start":{"line":9,"column":2},"end":{"line":9,"column":null}},"1":{"start":{"line":9,"column":13},"end":{"line":9,"column":null}},"2":{"start":{"line":11,"column":2},"end":{"line":17,"column":null}},"3":{"start":{"line":12,"column":19},"end":{"line":12,"column":null}},"4":{"start":{"line":13,"column":4},"end":{"line":13,"column":null}},"5":{"start":{"line":15,"column":4},"end":{"line":15,"column":null}},"6":{"start":{"line":16,"column":4},"end":{"line":16,"column":null}},"7":{"start":{"line":24,"column":2},"end":{"line":38,"column":null}},"8":{"start":{"line":25,"column":4},"end":{"line":25,"column":null}},"9":{"start":{"line":26,"column":4},"end":{"line":26,"column":null}},"10":{"start":{"line":28,"column":4},"end":{"line":36,"column":null}},"11":{"start":{"line":32,"column":6},"end":{"line":32,"column":null}},"12":{"start":{"line":33,"column":6},"end":{"line":33,"column":null}},"13":{"start":{"line":35,"column":6},"end":{"line":35,"column":null}},"14":{"start":{"line":37,"column":4},"end":{"line":37,"column":null}}},"fnMap":{"0":{"name":"safeParseJSON","decl":{"start":{"line":8,"column":16},"end":{"line":8,"column":33}},"loc":{"start":{"line":8,"column":70},"end":{"line":18,"column":null}},"line":8},"1":{"name":"safeSetItem","decl":{"start":{"line":23,"column":16},"end":{"line":23,"column":28}},"loc":{"start":{"line":23,"column":65},"end":{"line":39,"column":null}},"line":23}},"branchMap":{"0":{"loc":{"start":{"line":9,"column":2},"end":{"line":9,"column":null}},"type":"if","locations":[{"start":{"line":9,"column":2},"end":{"line":9,"column":null}},{"start":{},"end":{}}],"line":9},"1":{"loc":{"start":{"line":28,"column":4},"end":{"line":36,"column":null}},"type":"if","locations":[{"start":{"line":28,"column":4},"end":{"line":36,"column":null}},{"start":{"line":34,"column":11},"end":{"line":36,"column":null}}],"line":28},"2":{"loc":{"start":{"line":28,"column":8},"end":{"line":30,"column":null}},"type":"binary-expr","locations":[{"start":{"line":28,"column":8},"end":{"line":28,"column":null}},{"start":{"line":29,"column":6},"end":{"line":29,"column":null}},{"start":{"line":30,"column":6},"end":{"line":30,"column":null}}],"line":28}},"s":{"0":296,"1":88,"2":208,"3":208,"4":208,"5":4,"6":4,"7":102,"8":102,"9":102,"10":0,"11":0,"12":0,"13":0,"14":0},"f":{"0":296,"1":102},"b":{"0":[88,208],"1":[0,0],"2":[0,0,0]},"meta":{"lastBranch":3,"lastFunction":2,"lastStatement":15,"seen":{"f:8:16:8:33":0,"b:9:2:9:Infinity:undefined:undefined:undefined:undefined":0,"s:9:2:9:Infinity":0,"s:9:13:9:Infinity":1,"s:11:2:17:Infinity":2,"s:12:19:12:Infinity":3,"s:13:4:13:Infinity":4,"s:15:4:15:Infinity":5,"s:16:4:16:Infinity":6,"f:23:16:23:28":1,"s:24:2:38:Infinity":7,"s:25:4:25:Infinity":8,"s:26:4:26:Infinity":9,"b:28:4:36:Infinity:34:11:36:Infinity":1,"s:28:4:36:Infinity":10,"b:28:8:28:Infinity:29:6:29:Infinity:30:6:30:Infinity":2,"s:32:6:32:Infinity":11,"s:33:6:33:Infinity":12,"s:35:6:35:Infinity":13,"s:37:4:37:Infinity":14}}}
,"/home/hecko/projects/Sandbox/Pokedex/pokedex-vue/src/utils/validation.ts": {"path":"/home/hecko/projects/Sandbox/Pokedex/pokedex-vue/src/utils/validation.ts","statementMap":{"0":{"start":{"line":5,"column":20},"end":{"line":5,"column":null}},"1":{"start":{"line":6,"column":23},"end":{"line":6,"column":null}},"2":{"start":{"line":17,"column":2},"end":{"line":19,"column":null}},"3":{"start":{"line":18,"column":4},"end":{"line":18,"column":null}},"4":{"start":{"line":20,"column":2},"end":{"line":22,"column":null}},"5":{"start":{"line":21,"column":4},"end":{"line":21,"column":null}},"6":{"start":{"line":23,"column":2},"end":{"line":23,"column":null}},"7":{"start":{"line":30,"column":2},"end":{"line":32,"column":null}},"8":{"start":{"line":31,"column":4},"end":{"line":31,"column":null}},"9":{"start":{"line":33,"column":2},"end":{"line":35,"column":null}},"10":{"start":{"line":34,"column":4},"end":{"line":34,"column":null}},"11":{"start":{"line":36,"column":2},"end":{"line":38,"column":null}},"12":{"start":{"line":37,"column":4},"end":{"line":37,"column":null}},"13":{"start":{"line":39,"column":2},"end":{"line":41,"column":null}},"14":{"start":{"line":40,"column":4},"end":{"line":40,"column":null}},"15":{"start":{"line":42,"column":2},"end":{"line":44,"column":null}},"16":{"start":{"line":43,"column":4},"end":{"line":43,"column":null}},"17":{"start":{"line":45,"column":2},"end":{"line":45,"column":null}},"18":{"start":{"line":52,"column":2},"end":{"line":54,"column":null}},"19":{"start":{"line":53,"column":4},"end":{"line":53,"column":null}},"20":{"start":{"line":55,"column":2},"end":{"line":57,"column":null}},"21":{"start":{"line":56,"column":4},"end":{"line":56,"column":null}},"22":{"start":{"line":58,"column":2},"end":{"line":58,"column":null}}},"fnMap":{"0":{"name":"validateEmail","decl":{"start":{"line":16,"column":16},"end":{"line":16,"column":30}},"loc":{"start":{"line":16,"column":63},"end":{"line":24,"column":null}},"line":16},"1":{"name":"validatePassword","decl":{"start":{"line":29,"column":16},"end":{"line":29,"column":33}},"loc":{"start":{"line":29,"column":69},"end":{"line":46,"column":null}},"line":29},"2":{"name":"validateUsername","decl":{"start":{"line":51,"column":16},"end":{"line":51,"column":33}},"loc":{"start":{"line":51,"column":69},"end":{"line":59,"column":null}},"line":51}},"branchMap":{"0":{"loc":{"start":{"line":17,"column":2},"end":{"line":19,"column":null}},"type":"if","locations":[{"start":{"line":17,"column":2},"end":{"line":19,"column":null}},{"start":{},"end":{}}],"line":17},"1":{"loc":{"start":{"line":17,"column":6},"end":{"line":17,"column":37}},"type":"binary-expr","locations":[{"start":{"line":17,"column":6},"end":{"line":17,"column":16}},{"start":{"line":17,"column":16},"end":{"line":17,"column":37}}],"line":17},"2":{"loc":{"start":{"line":20,"column":2},"end":{"line":22,"column":null}},"type":"if","locations":[{"start":{"line":20,"column":2},"end":{"line":22,"column":null}},{"start":{},"end":{}}],"line":20},"3":{"loc":{"start":{"line":30,"column":2},"end":{"line":32,"column":null}},"type":"if","locations":[{"start":{"line":30,"column":2},"end":{"line":32,"column":null}},{"start":{},"end":{}}],"line":30},"4":{"loc":{"start":{"line":30,"column":6},"end":{"line":30,"column":42}},"type":"binary-expr","locations":[{"start":{"line":30,"column":6},"end":{"line":30,"column":19}},{"start":{"line":30,"column":19},"end":{"line":30,"column":42}}],"line":30},"5":{"loc":{"start":{"line":33,"column":2},"end":{"line":35,"column":null}},"type":"if","locations":[{"start":{"line":33,"column":2},"end":{"line":35,"column":null}},{"start":{},"end":{}}],"line":33},"6":{"loc":{"start":{"line":36,"column":2},"end":{"line":38,"column":null}},"type":"if","locations":[{"start":{"line":36,"column":2},"end":{"line":38,"column":null}},{"start":{},"end":{}}],"line":36},"7":{"loc":{"start":{"line":39,"column":2},"end":{"line":41,"column":null}},"type":"if","locations":[{"start":{"line":39,"column":2},"end":{"line":41,"column":null}},{"start":{},"end":{}}],"line":39},"8":{"loc":{"start":{"line":42,"column":2},"end":{"line":44,"column":null}},"type":"if","locations":[{"start":{"line":42,"column":2},"end":{"line":44,"column":null}},{"start":{},"end":{}}],"line":42},"9":{"loc":{"start":{"line":52,"column":2},"end":{"line":54,"column":null}},"type":"if","locations":[{"start":{"line":52,"column":2},"end":{"line":54,"column":null}},{"start":{},"end":{}}],"line":52},"10":{"loc":{"start":{"line":52,"column":6},"end":{"line":52,"column":43}},"type":"binary-expr","locations":[{"start":{"line":52,"column":6},"end":{"line":52,"column":19}},{"start":{"line":52,"column":19},"end":{"line":52,"column":43}}],"line":52},"11":{"loc":{"start":{"line":55,"column":2},"end":{"line":57,"column":null}},"type":"if","locations":[{"start":{"line":55,"column":2},"end":{"line":57,"column":null}},{"start":{},"end":{}}],"line":55}},"s":{"0":2,"1":2,"2":20,"3":3,"4":17,"5":8,"6":9,"7":16,"8":1,"9":15,"10":2,"11":13,"12":2,"13":11,"14":2,"15":9,"16":2,"17":7,"18":35,"19":3,"20":32,"21":16,"22":16},"f":{"0":20,"1":16,"2":35},"b":{"0":[3,17],"1":[20,18],"2":[8,9],"3":[1,15],"4":[16,15],"5":[2,13],"6":[2,11],"7":[2,9],"8":[2,7],"9":[3,32],"10":[35,33],"11":[16,16]},"meta":{"lastBranch":12,"lastFunction":3,"lastStatement":23,"seen":{"s:5:20:5:Infinity":0,"s:6:23:6:Infinity":1,"f:16:16:16:30":0,"b:17:2:19:Infinity:undefined:undefined:undefined:undefined":0,"s:17:2:19:Infinity":2,"b:17:6:17:16:17:16:17:37":1,"s:18:4:18:Infinity":3,"b:20:2:22:Infinity:undefined:undefined:undefined:undefined":2,"s:20:2:22:Infinity":4,"s:21:4:21:Infinity":5,"s:23:2:23:Infinity":6,"f:29:16:29:33":1,"b:30:2:32:Infinity:undefined:undefined:undefined:undefined":3,"s:30:2:32:Infinity":7,"b:30:6:30:19:30:19:30:42":4,"s:31:4:31:Infinity":8,"b:33:2:35:Infinity:undefined:undefined:undefined:undefined":5,"s:33:2:35:Infinity":9,"s:34:4:34:Infinity":10,"b:36:2:38:Infinity:undefined:undefined:undefined:undefined":6,"s:36:2:38:Infinity":11,"s:37:4:37:Infinity":12,"b:39:2:41:Infinity:undefined:undefined:undefined:undefined":7,"s:39:2:41:Infinity":13,"s:40:4:40:Infinity":14,"b:42:2:44:Infinity:undefined:undefined:undefined:undefined":8,"s:42:2:44:Infinity":15,"s:43:4:43:Infinity":16,"s:45:2:45:Infinity":17,"f:51:16:51:33":2,"b:52:2:54:Infinity:undefined:undefined:undefined:undefined":9,"s:52:2:54:Infinity":18,"b:52:6:52:19:52:19:52:43":10,"s:53:4:53:Infinity":19,"b:55:2:57:Infinity:undefined:undefined:undefined:undefined":11,"s:55:2:57:Infinity":20,"s:56:4:56:Infinity":21,"s:58:2:58:Infinity":22}}}
}
